index-d0f10e84.js:40 [Hub] Preprocessor: ONNX — will download nemo128.onnx
index-d0f10e84.js:40 [Hub] Using cached encoder-model.onnx from IndexedDB
index-d0f10e84.js:40 [Hub] Using cached decoder_joint-model.int8.onnx from IndexedDB
index-d0f10e84.js:40 [Hub] Using cached vocab.txt from IndexedDB
index-d0f10e84.js:40 [Hub] Using cached nemo128.onnx from IndexedDB
index-d0f10e84.js:40 [Hub] Using cached encoder-model.onnx.data from IndexedDB
index-d0f10e84.js:40 [Parakeet.js] Preprocessor backend requested: 'onnx' → ONNX
index-d0f10e84.js:40 [Parakeet.js] ORT structure: Object
index-d0f10e84.js:40 [Parakeet.js] WASM configured with 10 threads, SIMD enabled
index-d0f10e84.js:40 [Parakeet.js] WebGPU supported: true
index-d0f10e84.js:40 [Parakeet.js] WebGPU will be initialized automatically when creating session
index-d0f10e84.js:40 [Parakeet.js] Creating ONNX sessions with execution mode 'webgpu-hybrid'. Providers: Array(2)
index-d0f10e84.js:40 [Parakeet.js] ONNX preprocessor session created (128 mel bins)
index-d0f10e84.js:40 [Parakeet.js] Active preprocessor: ONNX (nemo128.onnx), 128 mel bins
0cb88034-77e1-49ba-ba04-58a9c0010186:68 2026-02-21 16:20:47.931355 [W:onnxruntime:Default, cpuid_info.cc:95 LogEarlyWarning] Unknown CPU vendor. cpuinfo_vendor value: 0
Ec @ 0cb88034-77e1-49ba-ba04-58a9c0010186:68
0cb88034-77e1-49ba-ba04-58a9c0010186:68 2026-02-21 16:20:53.078644 [W:onnxruntime:, session_state.cc:1327 VerifyEachNodeIsAssignedToAnEp] Some nodes were not assigned to the preferred execution providers which may or may not have an negative impact on performance. e.g. ORT explicitly assigns shape related ops to CPU to improve perf.
Ec @ 0cb88034-77e1-49ba-ba04-58a9c0010186:68
0cb88034-77e1-49ba-ba04-58a9c0010186:68 2026-02-21 16:20:53.079965 [W:onnxruntime:, session_state.cc:1329 VerifyEachNodeIsAssignedToAnEp] Rerunning with verbose output on a non-minimal build will show node assignments.
Ec @ 0cb88034-77e1-49ba-ba04-58a9c0010186:68
index-d0f10e84.js:40 [Parakeet.js] ORT structure: Object
index-d0f10e84.js:40 [Parakeet.js] WASM configured with 10 threads, SIMD enabled
index-d0f10e84.js:40 [Cache] Using cached audio: life_Jim.wav
index-d0f10e84.js:40 [Parakeet] Preprocessor: onnx, 255 frames × 128 mel bins, 13.7 ms
index-d0f10e84.js:40 [Perf] RTF: 1.15x (audio 2.54 s, time 2.21 s)
index-d0f10e84.js:40 Object
index-d0f10e84.js:40 [App] Model verification successful.
index-d0f10e84.js:40 LoadModel: 10837.591064453125 ms
index-d0f10e84.js:40 [Dataset] Reference: "now we like our bedrooms a little chilly but we didn't like them that chilly"
index-d0f10e84.js:40 [Parakeet] Preprocessor: onnx, 410 frames × 128 mel bins, 13.0 ms
index-d0f10e84.js:40 [Perf] RTF: 12.90x (audio 4.09 s, time 0.32 s)
index-d0f10e84.js:40 Object
index-d0f10e84.js:40 Transcribe-Sample: 317.391845703125 ms
index-d0f10e84.js:40 [Dataset] Reference: "if you're jumping around you can give off more but you're putting off as much as a hundred watt light bulb"
index-d0f10e84.js:40 [Parakeet] Preprocessor: onnx, 485 frames × 128 mel bins, 15.9 ms
index-d0f10e84.js:40 [Perf] RTF: 15.97x (audio 4.84 s, time 0.30 s)
index-d0f10e84.js:40 ObjectDecode: "49.7 ms"Encode: "235.4 ms"Preprocess: "15.9 ms"Tokenize: "0.1 ms"Total: "303.1 ms"[[Prototype]]: Object
index-d0f10e84.js:40 Transcribe-Sample: 303.30712890625 ms
index-d0f10e84.js:40 [Dataset] Reference: "and water is conductive"
index-d0f10e84.js:40 [Parakeet] Preprocessor: onnx, 160 frames × 128 mel bins, 95.6 ms
index-d0f10e84.js:40 [Perf] RTF: 4.67x (audio 1.59 s, time 0.34 s)
index-d0f10e84.js:40 (index)Value(index)ValuePreprocess'95.6 ms'Encode'212.8 ms'Decode'31.2 ms'Tokenize'0.0 ms'Total'340.5 ms'Object
index-d0f10e84.js:40 Transcribe-Sample: 340.90185546875 ms
index-d0f10e84.js:40 [Dataset] Reference: "the last two are passive houses"
index-d0f10e84.js:40 [Parakeet] Preprocessor: onnx, 215 frames × 128 mel bins, 7.4 ms
index-d0f10e84.js:40 [Perf] RTF: 18.14x (audio 2.14 s, time 0.12 s)
index-d0f10e84.js:40 (index)Value(index)ValuePreprocess'7.4 ms'Encode'84.2 ms'Decode'25.2 ms'Tokenize'0.0 ms'Total'118.0 ms'Object
index-d0f10e84.js:40 Transcribe-Sample: 118.412109375 ms
index-d0f10e84.js:40 [Dataset] Reference: "we like cellulose which is recycled newspapers"
index-d0f10e84.js:40 [Parakeet] Preprocessor: onnx, 392 frames × 128 mel bins, 13.3 ms
index-d0f10e84.js:40 [Perf] RTF: 24.57x (audio 3.91 s, time 0.16 s)
index-d0f10e84.js:40 (index)Value(index)ValuePreprocess'13.3 ms'Encode'99.4 ms'Decode'44.3 ms'Tokenize'0.0 ms'Total'159.1 ms'Object
index-d0f10e84.js:40 Transcribe-Sample: 159.518798828125 ms
index-d0f10e84.js:40 [Dataset] Reference: "so the first thing you noticed is that the temperatures inside this house are very even"
index-d0f10e84.js:40 [Parakeet] Preprocessor: onnx, 459 frames × 128 mel bins, 15.0 ms
index-d0f10e84.js:40 [Perf] RTF: 11.27x (audio 4.58 s, time 0.41 s)
index-d0f10e84.js:40 (index)Value(index)ValuePreprocess'15.0 ms'Encode'332.4 ms'Decode'58.2 ms'Tokenize'0.0 ms'Total'406.3 ms'Object
index-d0f10e84.js:40 Transcribe-Sample: 406.698974609375 ms
index-d0f10e84.js:40 [Dataset] Reference: "i've been to their house"
index-d0f10e84.js:40 [Parakeet] Preprocessor: onnx, 200 frames × 128 mel bins, 10.9 ms
index-d0f10e84.js:40 [Perf] RTF: 17.64x (audio 1.99 s, time 0.11 s)
index-d0f10e84.js:40 (index)Value(index)ValuePreprocess'10.9 ms'Encode'79.5 ms'Decode'22.0 ms'Tokenize'0.0 ms'Total'112.8 ms'Object
index-d0f10e84.js:40 Transcribe-Sample: 113.201171875 ms
index-d0f10e84.js:40 [Dataset] Reference: "so the first thing you noticed is that the temperatures inside this house are very even"
index-d0f10e84.js:40 [Parakeet] Preprocessor: onnx, 459 frames × 128 mel bins, 15.0 ms
index-d0f10e84.js:40 [Perf] RTF: 28.98x (audio 4.58 s, time 0.16 s)
index-d0f10e84.js:40 (index)Value(index)ValuePreprocess'15.0 ms'Encode'86.9 ms'Decode'55.4 ms'Tokenize'0.0 ms'Total'158.0 ms'Object
index-d0f10e84.js:40 Transcribe-Sample: 158.3818359375 ms
index-d0f10e84.js:40 [Dataset] Reference: "what we're seeing here is the nice warmth inside"
index-d0f10e84.js:40 [Parakeet] Preprocessor: onnx, 277 frames × 128 mel bins, 10.1 ms
index-d0f10e84.js:40 [Perf] RTF: 20.51x (audio 2.76 s, time 0.13 s)
index-d0f10e84.js:40 (index)Value(index)ValuePreprocess'10.1 ms'Encode'83.6 ms'Decode'40.4 ms'Tokenize'0.0 ms'Total'134.6 ms'Object
index-d0f10e84.js:40 Transcribe-Sample: 134.968994140625 ms
index-d0f10e84.js:40 [Dataset] Reference: "air sealing first"
index-d0f10e84.js:40 [Parakeet] Preprocessor: onnx, 162 frames × 128 mel bins, 6.0 ms
index-d0f10e84.js:40 [Perf] RTF: 15.24x (audio 1.61 s, time 0.11 s)
index-d0f10e84.js:40 (index)Value(index)ValuePreprocess'6.0 ms'Encode'75.7 ms'Decode'23.6 ms'Tokenize'0.0 ms'Total'105.6 ms'Object
index-d0f10e84.js:40 Transcribe-Sample: 106.02099609375 ms
index-d0f10e84.js:40 [Dataset] Reference: "so it's its own payback"
index-d0f10e84.js:40 [Parakeet] Preprocessor: onnx, 218 frames × 128 mel bins, 7.9 ms
index-d0f10e84.js:40 [Perf] RTF: 9.62x (audio 2.17 s, time 0.23 s)
index-d0f10e84.js:40 (index)Value(index)ValuePreprocess'7.9 ms'Encode'188.1 ms'Decode'29.0 ms'Tokenize'0.0 ms'Total'225.5 ms'Object
index-d0f10e84.js:40 Transcribe-Sample: 225.81103515625 ms
index-d0f10e84.js:40 [Dataset] Reference: "the last two are passive houses"
index-d0f10e84.js:40 [Parakeet] Preprocessor: onnx, 215 frames × 128 mel bins, 8.1 ms
index-d0f10e84.js:40 [Perf] RTF: 19.49x (audio 2.14 s, time 0.11 s)
index-d0f10e84.js:40 (index)Value(index)ValuePreprocess'8.1 ms'Encode'79.4 ms'Decode'22.0 ms'Tokenize'0.0 ms'Total'109.8 ms'Object
index-d0f10e84.js:40 Transcribe-Sample: 110.171875 ms
index-d0f10e84.js:40 [Dataset] Reference: "i've been to their house"
index-d0f10e84.js:40 [Parakeet] Preprocessor: onnx, 200 frames × 128 mel bins, 6.7 ms
index-d0f10e84.js:40 [Perf] RTF: 19.12x (audio 1.99 s, time 0.10 s)
index-d0f10e84.js:40 (index)Value(index)ValuePreprocess'6.7 ms'Encode'73.7 ms'Decode'23.4 ms'Tokenize'0.0 ms'Total'104.1 ms'Object
index-d0f10e84.js:40 Transcribe-Sample: 104.368896484375 ms
index-d0f10e84.js:40 [Dataset] Reference: "why however is that so high why is this one using three times the heating energy of that it happens that that family is being lived in by the family that lives there was from the sudan and they'd like to keep their house at ninety degrees"
index-d0f10e84.js:40 [Parakeet] Preprocessor: onnx, 1619 frames × 128 mel bins, 62.8 ms
index-d0f10e84.js:40 [Perf] RTF: 46.96x (audio 16.18 s, time 0.34 s)
index-d0f10e84.js:40 (index)Value(index)ValuePreprocess'62.8 ms'Encode'120.5 ms'Decode'159.1 ms'Tokenize'0.0 ms'Total'344.5 ms'Object
index-d0f10e84.js:40 Transcribe-Sample: 344.882080078125 ms
index-d0f10e84.js:40 [Dataset] Reference: "now i'm gonna ask the question"
index-d0f10e84.js:40 [Parakeet] Preprocessor: onnx, 162 frames × 128 mel bins, 5.7 ms
index-d0f10e84.js:40 [Perf] RTF: 13.99x (audio 1.61 s, time 0.12 s)
index-d0f10e84.js:40 (index)Value(index)ValuePreprocess'5.7 ms'Encode'83.2 ms'Decode'25.7 ms'Tokenize'0.0 ms'Total'115.1 ms'Object
index-d0f10e84.js:40 Transcribe-Sample: 115.405029296875 ms
index-d0f10e84.js:40 [Dataset] Reference: "there are four things you have to hit on passive house"
index-d0f10e84.js:40 [Parakeet] Preprocessor: onnx, 322 frames × 128 mel bins, 12.5 ms
index-d0f10e84.js:40 [Perf] RTF: 24.73x (audio 3.21 s, time 0.13 s)
index-d0f10e84.js:40 (index)Value(index)ValuePreprocess'12.5 ms'Encode'83.2 ms'Decode'33.6 ms'Tokenize'0.0 ms'Total'129.8 ms'Object
index-d0f10e84.js:40 Transcribe-Sample: 130.135009765625 ms
index-d0f10e84.js:40 [Dataset] Reference: "are there questions i got one"
index-d0f10e84.js:40 [Parakeet] Preprocessor: onnx, 206 frames × 128 mel bins, 7.3 ms
index-d0f10e84.js:40 [Perf] RTF: 11.16x (audio 2.06 s, time 0.18 s)
index-d0f10e84.js:40 (index)Value(index)ValuePreprocess'7.3 ms'Encode'146.1 ms'Decode'30.4 ms'Tokenize'0.0 ms'Total'184.2 ms'Object
index-d0f10e84.js:40 Transcribe-Sample: 184.52587890625 ms
index-d0f10e84.js:40 [Dataset] Reference: "and what did the 20th century bring us well it brought us a lot of machines and it brought us cheap oil which is basically what we've been running on as a country for a hundred plus years"
index-d0f10e84.js:40 [Parakeet] Preprocessor: onnx, 1202 frames × 128 mel bins, 47.0 ms
index-d0f10e84.js:40 [Perf] RTF: 42.73x (audio 12.01 s, time 0.28 s)
index-d0f10e84.js:40 (index)Value(index)ValuePreprocess'47.0 ms'Encode'109.4 ms'Decode'123.0 ms'Tokenize'0.0 ms'Total'281.1 ms'Object
index-d0f10e84.js:40 Transcribe-Sample: 281.467041015625 ms
index-d0f10e84.js:40 [Dataset] Reference: "and we found through studies that people are comfortable at a lower set temperature if all the surfaces are radiating the same temperature"
index-d0f10e84.js:40 [Parakeet] Preprocessor: onnx, 883 frames × 128 mel bins, 33.9 ms
index-d0f10e84.js:40 [Perf] RTF: 39.66x (audio 8.82 s, time 0.22 s)
index-d0f10e84.js:40 (index)Value(index)ValuePreprocess'33.9 ms'Encode'96.6 ms'Decode'90.7 ms'Tokenize'0.0 ms'Total'222.5 ms'Object
index-d0f10e84.js:40 Transcribe-Sample: 222.875 ms
index-d0f10e84.js:40 [Dataset] Reference: "what does it cost for this person who's living in this house now this is a habitat house"
index-d0f10e84.js:40 [Parakeet] Preprocessor: onnx, 346 frames × 128 mel bins, 11.0 ms
index-d0f10e84.js:40 [Perf] RTF: 21.74x (audio 3.45 s, time 0.16 s)
index-d0f10e84.js:40 (index)Value(index)ValuePreprocess'11.0 ms'Encode'79.7 ms'Decode'67.4 ms'Tokenize'0.0 ms'Total'158.7 ms'Object
index-d0f10e84.js:40 Transcribe-Sample: 159.02099609375 ms
index-d0f10e84.js:40 [Dataset] Reference: "are there questions i got one"
index-d0f10e84.js:40 [Parakeet] Preprocessor: onnx, 206 frames × 128 mel bins, 6.9 ms
index-d0f10e84.js:40 [Perf] RTF: 17.64x (audio 2.06 s, time 0.12 s)
index-d0f10e84.js:40 (index)Value(index)ValuePreprocess'6.9 ms'Encode'79.6 ms'Decode'29.7 ms'Tokenize'0.0 ms'Total'116.5 ms'Object
index-d0f10e84.js:40 Transcribe-Sample: 116.841064453125 ms
index-d0f10e84.js:40 [Dataset] Reference: "now i'm gonna ask the question"
index-d0f10e84.js:40 [Parakeet] Preprocessor: onnx, 162 frames × 128 mel bins, 6.1 ms
index-d0f10e84.js:40 [Perf] RTF: 12.71x (audio 1.61 s, time 0.13 s)
index-d0f10e84.js:40 (index)Value(index)ValuePreprocess'6.1 ms'Encode'98.2 ms'Decode'22.0 ms'Tokenize'0.0 ms'Total'126.7 ms'Object
index-d0f10e84.js:40 Transcribe-Sample: 127.011962890625 ms
index-d0f10e84.js:40 [Dataset] Reference: "very complex really hard to get through"
index-d0f10e84.js:40 [Parakeet] Preprocessor: onnx, 265 frames × 128 mel bins, 8.8 ms
index-d0f10e84.js:40 [Perf] RTF: 21.75x (audio 2.64 s, time 0.12 s)
index-d0f10e84.js:40 (index)Value(index)ValuePreprocess'8.8 ms'Encode'80.8 ms'Decode'31.3 ms'Tokenize'0.0 ms'Total'121.4 ms'Object
index-d0f10e84.js:40 Transcribe-Sample: 121.759765625 ms
index-d0f10e84.js:40 [Dataset] Reference: "yeah well no i've built it out"
index-d0f10e84.js:40 [Parakeet] Preprocessor: onnx, 230 frames × 128 mel bins, 8.0 ms
index-d0f10e84.js:40 [Perf] RTF: 18.33x (audio 2.29 s, time 0.12 s)
index-d0f10e84.js:40 (index)Value(index)ValuePreprocess'8.0 ms'Encode'84.0 ms'Decode'32.6 ms'Tokenize'0.0 ms'Total'124.9 ms'Object
index-d0f10e84.js:40 Transcribe-Sample: 125.35498046875 ms
index-d0f10e84.js:40 [Dataset] Reference: "very complex really hard to get through"
index-d0f10e84.js:40 [Parakeet] Preprocessor: onnx, 265 frames × 128 mel bins, 9.0 ms
index-d0f10e84.js:40 [Perf] RTF: 21.09x (audio 2.64 s, time 0.13 s)
index-d0f10e84.js:40 (index)Value(index)ValuePreprocess'9.0 ms'Encode'81.8 ms'Decode'34.0 ms'Tokenize'0.0 ms'Total'125.2 ms'Object
index-d0f10e84.js:40 Transcribe-Sample: 125.52685546875 ms
index-d0f10e84.js:40 [Dataset] Reference: "here's the window bucks that we put in using this nice jig"
index-d0f10e84.js:40 [Parakeet] Preprocessor: onnx, 451 frames × 128 mel bins, 14.7 ms
index-d0f10e84.js:40 [Perf] RTF: 29.41x (audio 4.50 s, time 0.15 s)
index-d0f10e84.js:40 (index)Value(index)ValuePreprocess'14.7 ms'Encode'89.6 ms'Decode'48.1 ms'Tokenize'0.0 ms'Total'153.0 ms'Object
index-d0f10e84.js:40 Transcribe-Sample: 153.412109375 ms
index-d0f10e84.js:40 [Dataset] Reference: "it's tied to something called the international energy commission code which is the minimum that you can build to"
index-d0f10e84.js:40 [Parakeet] Preprocessor: onnx, 908 frames × 128 mel bins, 37.4 ms
index-d0f10e84.js:40 [Perf] RTF: 42.71x (audio 9.07 s, time 0.21 s)
index-d0f10e84.js:40 (index)Value(index)ValuePreprocess'37.4 ms'Encode'97.4 ms'Decode'76.7 ms'Tokenize'0.0 ms'Total'212.4 ms'Object
index-d0f10e84.js:40 Transcribe-Sample: 212.69580078125 ms
index-d0f10e84.js:40 [Dataset] Reference: "so i said instead of doing that i'm gonna put a bunch of fourbyfours on stilts into the ground"
index-d0f10e84.js:40 [Parakeet] Preprocessor: onnx, 635 frames × 128 mel bins, 30.2 ms
index-d0f10e84.js:40 [Perf] RTF: 31.21x (audio 6.34 s, time 0.20 s)
index-d0f10e84.js:40 (index)Value(index)ValuePreprocess'30.2 ms'Encode'94.9 ms'Decode'77.3 ms'Tokenize'0.0 ms'Total'203.2 ms'Object
index-d0f10e84.js:40 Transcribe-Sample: 203.504150390625 ms
index-d0f10e84.js:40 [Dataset] Reference: "now i'm gonna ask the question"
index-d0f10e84.js:40 [Parakeet] Preprocessor: onnx, 162 frames × 128 mel bins, 5.7 ms
index-d0f10e84.js:40 [Perf] RTF: 13.98x (audio 1.61 s, time 0.12 s)
index-d0f10e84.js:40 (index)Value(index)ValuePreprocess'5.7 ms'Encode'85.3 ms'Decode'23.8 ms'Tokenize'0.0 ms'Total'115.2 ms'Object
index-d0f10e84.js:40 Transcribe-Sample: 115.56396484375 ms
index-d0f10e84.js:40 [Dataset] Reference: "and okay"
index-d0f10e84.js:40 [Parakeet] Preprocessor: onnx, 135 frames × 128 mel bins, 4.9 ms
index-d0f10e84.js:40 [Perf] RTF: 12.50x (audio 1.35 s, time 0.11 s)
index-d0f10e84.js:40 (index)Value(index)ValuePreprocess'4.9 ms'Encode'78.5 ms'Decode'24.1 ms'Tokenize'0.0 ms'Total'107.7 ms'Object
index-d0f10e84.js:40 Transcribe-Sample: 108.10498046875 ms
index-d0f10e84.js:40 [Dataset] Reference: "now why polyiso polyisocyanurate board is got a very high rvalue and you can buy used very cheaply which means that i'm saving it from going into a landfill i'm not causing them to make more for me and i'm getting a high rvalue"
index-d0f10e84.js:40 [Parakeet] Preprocessor: onnx, 1560 frames × 128 mel bins, 61.9 ms
index-d0f10e84.js:40 [Perf] RTF: 43.93x (audio 15.59 s, time 0.35 s)
index-d0f10e84.js:40 (index)Value(index)ValuePreprocess'61.9 ms'Encode'109.5 ms'Decode'181.9 ms'Tokenize'0.0 ms'Total'354.9 ms'Object
index-d0f10e84.js:40 Transcribe-Sample: 355.265869140625 ms
index-d0f10e84.js:40 [Dataset] Reference: "now i'm gonna ask the question"
index-d0f10e84.js:40 [Parakeet] Preprocessor: onnx, 162 frames × 128 mel bins, 5.7 ms
index-d0f10e84.js:40 [Perf] RTF: 13.66x (audio 1.61 s, time 0.12 s)
index-d0f10e84.js:40 (index)Value(index)ValuePreprocess'5.7 ms'Encode'86.9 ms'Decode'25.0 ms'Tokenize'0.0 ms'Total'117.9 ms'Object
index-d0f10e84.js:40 Transcribe-Sample: 118.217041015625 ms
index-d0f10e84.js:40 [Dataset] Reference: "the cost was all the work that had to be done"
index-d0f10e84.js:40 [Parakeet] Preprocessor: onnx, 245 frames × 128 mel bins, 8.3 ms
index-d0f10e84.js:40 [Perf] RTF: 8.99x (audio 2.44 s, time 0.27 s)
index-d0f10e84.js:40 (index)Value(index)ValuePreprocess'8.3 ms'Encode'239.3 ms'Decode'23.8 ms'Tokenize'0.0 ms'Total'271.7 ms'Object
index-d0f10e84.js:40 Transcribe-Sample: 272.029052734375 ms
index-d0f10e84.js:40 [Dataset] Reference: "this is all the spray foam that he did against that osb that you just saw giving me an rvalue here"
index-d0f10e84.js:40 [Parakeet] Preprocessor: onnx, 721 frames × 128 mel bins, 30.2 ms
index-d0f10e84.js:40 [Perf] RTF: 38.35x (audio 7.20 s, time 0.19 s)
index-d0f10e84.js:40 (index)Value(index)ValuePreprocess'30.2 ms'Encode'81.1 ms'Decode'75.7 ms'Tokenize'0.0 ms'Total'187.8 ms'Object
index-d0f10e84.js:40 Transcribe-Sample: 188.14794921875 ms
index-d0f10e84.js:40 [Dataset] Reference: "so i said instead of doing that i'm gonna put a bunch of fourbyfours on stilts into the ground"
index-d0f10e84.js:40 [Parakeet] Preprocessor: onnx, 635 frames × 128 mel bins, 19.9 ms
index-d0f10e84.js:40 [Perf] RTF: 34.43x (audio 6.34 s, time 0.18 s)
index-d0f10e84.js:40 (index)Value(index)ValuePreprocess'19.9 ms'Encode'84.8 ms'Decode'78.7 ms'Tokenize'0.0 ms'Total'184.1 ms'Object
index-d0f10e84.js:40 Transcribe-Sample: 184.5087890625 ms
index-d0f10e84.js:40 [Dataset] Reference: "and the thermal bridging is insignificant"
index-d0f10e84.js:40 [Parakeet] Preprocessor: onnx, 309 frames × 128 mel bins, 11.0 ms
index-d0f10e84.js:40 [Perf] RTF: 23.15x (audio 3.08 s, time 0.13 s)
index-d0f10e84.js:40 (index)Value(index)ValuePreprocess'11.0 ms'Encode'85.6 ms'Decode'36.1 ms'Tokenize'0.0 ms'Total'133.2 ms'Object
index-d0f10e84.js:40 Transcribe-Sample: 133.48486328125 ms
index-d0f10e84.js:40 [Dataset] Reference: "don't let them build a house that is gonna cost them three thousand five hundred a year to heat when we can build them a house for almost no more money fifty more down but no more outofpocket per month money that they'll be able to heat for four hundred a month in the winter"
index-d0f10e84.js:40 [Parakeet] Preprocessor: onnx, 1763 frames × 128 mel bins, 69.3 ms
index-d0f10e84.js:40 [Perf] RTF: 46.98x (audio 17.62 s, time 0.38 s)
index-d0f10e84.js:40 (index)Value(index)ValuePreprocess'69.3 ms'Encode'114.1 ms'Decode'189.6 ms'Tokenize'0.0 ms'Total'375.1 ms'Object
index-d0f10e84.js:40 Transcribe-Sample: 375.569091796875 ms
index-d0f10e84.js:40 [Dataset] Reference: "they just love it it's a great place to raise a family"
index-d0f10e84.js:40 [Parakeet] Preprocessor: onnx, 268 frames × 128 mel bins, 8.8 ms
index-d0f10e84.js:40 [Perf] RTF: 8.65x (audio 2.67 s, time 0.31 s)
index-d0f10e84.js:40 (index)Value(index)ValuePreprocess'8.8 ms'Encode'259.6 ms'Decode'40.2 ms'Tokenize'0.0 ms'Total'308.9 ms'Object
index-d0f10e84.js:40 Transcribe-Sample: 309.325927734375 ms
index-d0f10e84.js:40 [Dataset] Reference: "they're the best thing around so i said well you're the expert"
index-d0f10e84.js:40 [Parakeet] Preprocessor: onnx, 363 frames × 128 mel bins, 12.1 ms
index-d0f10e84.js:40 [Perf] RTF: 25.31x (audio 3.62 s, time 0.14 s)
index-d0f10e84.js:40 (index)Value(index)ValuePreprocess'12.1 ms'Encode'81.9 ms'Decode'48.6 ms'Tokenize'0.0 ms'Total'143.0 ms'Object
index-d0f10e84.js:40 Transcribe-Sample: 143.43212890625 ms
index-d0f10e84.js:40 [Dataset] Reference: "never mind the wood"
index-d0f10e84.js:40 [Parakeet] Preprocessor: onnx, 87 frames × 128 mel bins, 5.1 ms
index-d0f10e84.js:40 [Perf] RTF: 8.54x (audio 0.86 s, time 0.10 s)
index-d0f10e84.js:40 (index)Value(index)ValuePreprocess'5.1 ms'Encode'71.9 ms'Decode'23.4 ms'Tokenize'0.0 ms'Total'100.7 ms'Object
index-d0f10e84.js:40 Transcribe-Sample: 101.0341796875 ms
index-d0f10e84.js:40 [Dataset] Reference: "there's a maximum overheating of twelve"
index-d0f10e84.js:40 [Parakeet] Preprocessor: onnx, 284 frames × 128 mel bins, 9.5 ms
index-d0f10e84.js:40 [Perf] RTF: 21.27x (audio 2.83 s, time 0.13 s)
index-d0f10e84.js:40 (index)Value(index)ValuePreprocess'9.5 ms'Encode'86.6 ms'Decode'36.5 ms'Tokenize'0.0 ms'Total'133.1 ms'Object
index-d0f10e84.js:40 Transcribe-Sample: 133.447021484375 ms
index-d0f10e84.js:40 [Dataset] Reference: "i just make up a number"
index-d0f10e84.js:40 [Parakeet] Preprocessor: onnx, 133 frames × 128 mel bins, 7.0 ms
index-d0f10e84.js:40 [Perf] RTF: 12.21x (audio 1.33 s, time 0.11 s)
index-d0f10e84.js:40 (index)Value(index)ValuePreprocess'7.0 ms'Encode'77.0 ms'Decode'24.5 ms'Tokenize'0.0 ms'Total'108.8 ms'Object
index-d0f10e84.js:40 Transcribe-Sample: 109.118896484375 ms
index-d0f10e84.js:40 [Dataset] Reference: "that's where you have a lot of windows in the south no actually that's passive solar and passive solar is something that was developed and designed in the 1960s and 70s and it was a great thing for what it was at the time but it's not a passive house"
index-d0f10e84.js:40 [Parakeet] Preprocessor: onnx, 1509 frames × 128 mel bins, 55.6 ms
index-d0f10e84.js:40 [Perf] RTF: 44.11x (audio 15.08 s, time 0.34 s)
index-d0f10e84.js:40 (index)Value(index)ValuePreprocess'55.6 ms'Encode'115.7 ms'Decode'169.4 ms'Tokenize'0.0 ms'Total'341.9 ms'Object
index-d0f10e84.js:40 Transcribe-Sample: 342.4169921875 ms
index-d0f10e84.js:40 [Dataset] Reference: "that's where you have a lot of windows in the south no actually that's passive solar and passive solar is something that was developed and designed in the 1960s and 70s and it was a great thing for what it was at the time but it's not a passive house"
index-d0f10e84.js:40 [Parakeet] Preprocessor: onnx, 1509 frames × 128 mel bins, 60.3 ms
index-d0f10e84.js:40 [Perf] RTF: 42.63x (audio 15.08 s, time 0.35 s)
index-d0f10e84.js:40 (index)Value(index)ValuePreprocess'60.3 ms'Encode'123.3 ms'Decode'169.0 ms'Tokenize'0.0 ms'Total'353.8 ms'Object
index-d0f10e84.js:40 Transcribe-Sample: 354.34716796875 ms
index-d0f10e84.js:40 [Dataset] Reference: "very complex really hard to get through"
index-d0f10e84.js:40 [Parakeet] Preprocessor: onnx, 265 frames × 128 mel bins, 9.0 ms
index-d0f10e84.js:40 [Perf] RTF: 19.86x (audio 2.64 s, time 0.13 s)
index-d0f10e84.js:40 (index)Value(index)ValuePreprocess'9.0 ms'Encode'91.9 ms'Decode'31.5 ms'Tokenize'0.1 ms'Total'132.9 ms'Object
index-d0f10e84.js:40 Transcribe-Sample: 133.2890625 ms
index-d0f10e84.js:40 [Dataset] Reference: "if you leave that stuff out in the rain a week later you can just squeeze the water out of it"
index-d0f10e84.js:40 [Parakeet] Preprocessor: onnx, 425 frames × 128 mel bins, 13.9 ms
index-d0f10e84.js:40 [Perf] RTF: 25.10x (audio 4.25 s, time 0.17 s)
index-d0f10e84.js:40 (index)Value(index)ValuePreprocess'13.9 ms'Encode'89.5 ms'Decode'65.3 ms'Tokenize'0.0 ms'Total'169.2 ms'Object
index-d0f10e84.js:40 Transcribe-Sample: 169.575927734375 ms
index-d0f10e84.js:40 [Dataset] Reference: "and what that means is that we're actually drawing air through the house the whole time and it gives a nice fresh air all the way through"
index-d0f10e84.js:40 [Parakeet] Preprocessor: onnx, 977 frames × 128 mel bins, 38.7 ms
index-d0f10e84.js:40 [Perf] RTF: 39.14x (audio 9.76 s, time 0.25 s)
index-d0f10e84.js:40 (index)Value(index)ValuePreprocess'38.7 ms'Encode'113.8 ms'Decode'95.8 ms'Tokenize'0.0 ms'Total'249.3 ms'Object
index-d0f10e84.js:40 Transcribe-Sample: 249.692138671875 ms
index-d0f10e84.js:40 [Dataset] Reference: "i don't have any access to the house"
index-d0f10e84.js:40 [Parakeet] Preprocessor: onnx, 178 frames × 128 mel bins, 6.0 ms
index-d0f10e84.js:40 [Perf] RTF: 14.89x (audio 1.77 s, time 0.12 s)
index-d0f10e84.js:40 (index)Value(index)ValuePreprocess'6.0 ms'Encode'81.5 ms'Decode'31.1 ms'Tokenize'0.0 ms'Total'118.9 ms'Object
index-d0f10e84.js:40 Transcribe-Sample: 119.20703125 ms
index-d0f10e84.js:40 [Dataset] Reference: "they're the best thing around so i said well you're the expert"
index-d0f10e84.js:40 [Parakeet] Preprocessor: onnx, 363 frames × 128 mel bins, 11.8 ms
index-d0f10e84.js:40 [Perf] RTF: 21.94x (audio 3.62 s, time 0.16 s)
index-d0f10e84.js:40 (index)Value(index)ValuePreprocess'11.8 ms'Encode'81.6 ms'Decode'71.0 ms'Tokenize'0.0 ms'Total'165.0 ms'Object
index-d0f10e84.js:40 Transcribe-Sample: 165.388916015625 ms
index-d0f10e84.js:40 [Dataset] Reference: "i am a passive house consultant"
index-d0f10e84.js:40 [Parakeet] Preprocessor: onnx, 279 frames × 128 mel bins, 8.8 ms
index-d0f10e84.js:40 [Perf] RTF: 24.50x (audio 2.78 s, time 0.11 s)
index-d0f10e84.js:40 (index)Value(index)ValuePreprocess'8.8 ms'Encode'73.8 ms'Decode'30.5 ms'Tokenize'0.0 ms'Total'113.6 ms'Object
index-d0f10e84.js:40 Transcribe-Sample: 113.991943359375 ms
index-d0f10e84.js:40 [Dataset] Reference: "yeah well no i've built it out"
index-d0f10e84.js:40 [Parakeet] Preprocessor: onnx, 230 frames × 128 mel bins, 8.4 ms
index-d0f10e84.js:40 [Perf] RTF: 19.11x (audio 2.29 s, time 0.12 s)
index-d0f10e84.js:40 (index)Value(index)ValuePreprocess'8.4 ms'Encode'72.9 ms'Decode'38.2 ms'Tokenize'0.0 ms'Total'119.8 ms'Object
index-d0f10e84.js:40 Transcribe-Sample: 120.131103515625 ms
index-d0f10e84.js:40 [Dataset] Reference: "when i'm doing my air sealing when i am in a passive house or in a house that i'm trying to make really tight every hole in your wall is going to increase your air changes per hour"
index-d0f10e84.js:40 [Parakeet] Preprocessor: onnx, 1047 frames × 128 mel bins, 40.9 ms
index-d0f10e84.js:40 [Perf] RTF: 40.43x (audio 10.46 s, time 0.26 s)
index-d0f10e84.js:40 (index)Value(index)ValuePreprocess'40.9 ms'Encode'96.2 ms'Decode'120.5 ms'Tokenize'0.0 ms'Total'258.8 ms'Object
index-d0f10e84.js:40 Transcribe-Sample: 259.094970703125 ms
index-d0f10e84.js:40 [Dataset] Reference: "so it's its own payback"
index-d0f10e84.js:40 [Parakeet] Preprocessor: onnx, 218 frames × 128 mel bins, 7.8 ms
index-d0f10e84.js:40 [Perf] RTF: 17.41x (audio 2.17 s, time 0.12 s)
index-d0f10e84.js:40 (index)Value(index)ValuePreprocess'7.8 ms'Encode'83.4 ms'Decode'33.1 ms'Tokenize'0.0 ms'Total'124.6 ms'Object
index-d0f10e84.js:40 Transcribe-Sample: 125 ms
index-d0f10e84.js:40 [Dataset] Reference: "if you leave that stuff out in the rain a week later you can just squeeze the water out of it"
index-d0f10e84.js:40 [Parakeet] Preprocessor: onnx, 425 frames × 128 mel bins, 12.8 ms
index-d0f10e84.js:40 [Perf] RTF: 24.89x (audio 4.25 s, time 0.17 s)
index-d0f10e84.js:40 (index)Value(index)ValuePreprocess'12.8 ms'Encode'88.6 ms'Decode'68.8 ms'Tokenize'0.0 ms'Total'170.6 ms'Object
index-d0f10e84.js:40 Transcribe-Sample: 171.0029296875 ms
index-d0f10e84.js:40 [Dataset] Reference: "as a matter of fact i had an pendleton avalon and i thought that i could buy an outside air unit for it and i found out afterwards that i couldn't so i had to get rid of my wood stove and buy a brand new wood stove"
index-d0f10e84.js:40 [Parakeet] Preprocessor: onnx, 1192 frames × 128 mel bins, 46.4 ms
index-d0f10e84.js:40 [Perf] RTF: 39.45x (audio 11.91 s, time 0.30 s)
index-d0f10e84.js:40 (index)Value(index)ValuePreprocess'46.4 ms'Encode'99.9 ms'Decode'154.2 ms'Tokenize'0.0 ms'Total'301.9 ms'Object
index-d0f10e84.js:40 Transcribe-Sample: 302.2958984375 ms
index-d0f10e84.js:40 [Dataset] Reference: "what we're seeing here is the nice warmth inside"
index-d0f10e84.js:40 [Parakeet] Preprocessor: onnx, 277 frames × 128 mel bins, 9.9 ms
index-d0f10e84.js:40 [Perf] RTF: 20.41x (audio 2.76 s, time 0.14 s)
index-d0f10e84.js:40 (index)Value(index)ValuePreprocess'9.9 ms'Encode'83.6 ms'Decode'41.3 ms'Tokenize'0.0 ms'Total'135.2 ms'Object
index-d0f10e84.js:40 Transcribe-Sample: 135.577880859375 ms
index-d0f10e84.js:40 [Dataset] Reference: "very complex really hard to get through"
index-d0f10e84.js:40 [Parakeet] Preprocessor: onnx, 265 frames × 128 mel bins, 9.2 ms
index-d0f10e84.js:40 [Perf] RTF: 20.89x (audio 2.64 s, time 0.13 s)
index-d0f10e84.js:40 (index)Value(index)ValuePreprocess'9.2 ms'Encode'85.1 ms'Decode'31.7 ms'Tokenize'0.0 ms'Total'126.4 ms'Object
index-d0f10e84.js:40 Transcribe-Sample: 126.703125 ms
index-d0f10e84.js:40 [Dataset] Reference: "something i did myself because i happened to have had the time to do it is that i bought myself a tagalong backhoe for three grand cause renting them was one hundred and fifty a day"
index-d0f10e84.js:40 [Parakeet] Preprocessor: onnx, 1029 frames × 128 mel bins, 42.6 ms
index-d0f10e84.js:40 [Perf] RTF: 37.44x (audio 10.28 s, time 0.27 s)
index-d0f10e84.js:40 (index)Value(index)ValuePreprocess'42.6 ms'Encode'107.7 ms'Decode'123.2 ms'Tokenize'0.0 ms'Total'274.6 ms'Object
index-d0f10e84.js:40 Transcribe-Sample: 274.948974609375 ms
index-d0f10e84.js:40 [Dataset] Reference: "internal heat gains your refrigerator your washing machine your television all of your electronics your light bulbs everything your dog everything that you have in that house that's giving off heat is a heat source"
index-d0f10e84.js:40 [Parakeet] Preprocessor: onnx, 1374 frames × 128 mel bins, 52.6 ms
index-d0f10e84.js:40 [Perf] RTF: 42.67x (audio 13.73 s, time 0.32 s)
index-d0f10e84.js:40 (index)Value(index)ValuePreprocess'52.6 ms'Encode'102.3 ms'Decode'165.7 ms'Tokenize'0.0 ms'Total'321.7 ms'Object
index-d0f10e84.js:40 Transcribe-Sample: 322.199951171875 ms
index-d0f10e84.js:40 [Dataset] Reference: "when i'm doing my air sealing when i am in a passive house or in a house that i'm trying to make really tight every hole in your wall is going to increase your air changes per hour"
index-d0f10e84.js:40 [Parakeet] Preprocessor: onnx, 1047 frames × 128 mel bins, 42.8 ms
index-d0f10e84.js:40 [Perf] RTF: 39.67x (audio 10.46 s, time 0.26 s)
index-d0f10e84.js:40 (index)Value(index)ValuePreprocess'42.8 ms'Encode'98.8 ms'Decode'121.1 ms'Tokenize'0.0 ms'Total'263.7 ms'Object
index-d0f10e84.js:40 Transcribe-Sample: 264.013916015625 ms
index-d0f10e84.js:40 [Dataset] Reference: "so that's the standard"
index-d0f10e84.js:40 [Parakeet] Preprocessor: onnx, 130 frames × 128 mel bins, 5.1 ms
index-d0f10e84.js:40 [Perf] RTF: 12.54x (audio 1.29 s, time 0.10 s)
index-d0f10e84.js:40 (index)Value(index)ValuePreprocess'5.1 ms'Encode'79.3 ms'Decode'18.2 ms'Tokenize'0.0 ms'Total'102.8 ms'Object
index-d0f10e84.js:40 Transcribe-Sample: 103.15380859375 ms
index-d0f10e84.js:40 [Dataset] Reference: "so i said instead of doing that i'm gonna put a bunch of fourbyfours on stilts into the ground"
index-d0f10e84.js:40 [Parakeet] Preprocessor: onnx, 635 frames × 128 mel bins, 21.9 ms
index-d0f10e84.js:40 [Perf] RTF: 34.02x (audio 6.34 s, time 0.19 s)
index-d0f10e84.js:40 (index)Value(index)ValuePreprocess'21.9 ms'Encode'87.5 ms'Decode'76.1 ms'Tokenize'0.0 ms'Total'186.4 ms'Object
index-d0f10e84.js:40 Transcribe-Sample: 186.718994140625 ms
index-d0f10e84.js:40 [Dataset] Reference: "here's my house here's my deck"
index-d0f10e84.js:40 [Parakeet] Preprocessor: onnx, 276 frames × 128 mel bins, 10.8 ms
index-d0f10e84.js:40 [Perf] RTF: 20.48x (audio 2.75 s, time 0.13 s)
index-d0f10e84.js:40 (index)Value(index)ValuePreprocess'10.8 ms'Encode'84.9 ms'Decode'38.1 ms'Tokenize'0.0 ms'Total'134.3 ms'Object
index-d0f10e84.js:40 Transcribe-Sample: 134.680908203125 ms
index-d0f10e84.js:40 [Dataset] Reference: "don't let them build a house that is gonna cost them three thousand five hundred a year to heat when we can build them a house for almost no more money fifty more down but no more outofpocket per month money that they'll be able to heat for four hundred a month in the winter"
index-d0f10e84.js:40 [Parakeet] Preprocessor: onnx, 1763 frames × 128 mel bins, 67.5 ms
index-d0f10e84.js:40 [Perf] RTF: 47.46x (audio 17.62 s, time 0.37 s)
index-d0f10e84.js:40 (index)Value(index)ValuePreprocess'67.5 ms'Encode'115.4 ms'Decode'186.9 ms'Tokenize'0.0 ms'Total'371.3 ms'Object
index-d0f10e84.js:40 Transcribe-Sample: 371.6689453125 ms
index-d0f10e84.js:40 [Dataset] Reference: "this is a passive house"
index-d0f10e84.js:40 [Parakeet] Preprocessor: onnx, 114 frames × 128 mel bins, 5.0 ms
index-d0f10e84.js:40 [Perf] RTF: 11.11x (audio 1.13 s, time 0.10 s)
index-d0f10e84.js:40 (index)Value(index)ValuePreprocess'5.0 ms'Encode'76.5 ms'Decode'19.9 ms'Tokenize'0.0 ms'Total'101.7 ms'Object
index-d0f10e84.js:40 Transcribe-Sample: 102.052001953125 ms
index-d0f10e84.js:40 [Dataset] Reference: "very complex really hard to get through"
index-d0f10e84.js:40 [Parakeet] Preprocessor: onnx, 265 frames × 128 mel bins, 9.5 ms
index-d0f10e84.js:40 [Perf] RTF: 21.73x (audio 2.64 s, time 0.12 s)
index-d0f10e84.js:40 (index)Value(index)ValuePreprocess'9.5 ms'Encode'80.4 ms'Decode'31.2 ms'Tokenize'0.0 ms'Total'121.5 ms'Object
index-d0f10e84.js:40 Transcribe-Sample: 121.842041015625 ms
index-d0f10e84.js:40 [Dataset] Reference: "very complex really hard to get through"
index-d0f10e84.js:40 [Parakeet] Preprocessor: onnx, 265 frames × 128 mel bins, 8.5 ms
index-d0f10e84.js:40 [Perf] RTF: 21.49x (audio 2.64 s, time 0.12 s)
index-d0f10e84.js:40 (index)Value(index)ValuePreprocess'8.5 ms'Encode'83.0 ms'Decode'31.1 ms'Tokenize'0.0 ms'Total'122.9 ms'Object
index-d0f10e84.js:40 Transcribe-Sample: 123.22802734375 ms
index-d0f10e84.js:40 [Dataset] Reference: "very complex really hard to get through"
index-d0f10e84.js:40 [Parakeet] Preprocessor: onnx, 265 frames × 128 mel bins, 8.8 ms
index-d0f10e84.js:40 [Perf] RTF: 19.46x (audio 2.64 s, time 0.14 s)
index-d0f10e84.js:40 (index)Value(index)ValuePreprocess'8.8 ms'Encode'98.1 ms'Decode'28.4 ms'Tokenize'0.0 ms'Total'135.6 ms'Object
index-d0f10e84.js:40 Transcribe-Sample: 135.963134765625 ms
index-d0f10e84.js:40 [Dataset] Reference: "i don't have any access to the house"
index-d0f10e84.js:40 [Parakeet] Preprocessor: onnx, 178 frames × 128 mel bins, 7.3 ms
index-d0f10e84.js:40 [Perf] RTF: 14.87x (audio 1.77 s, time 0.12 s)
index-d0f10e84.js:40 (index)Value(index)ValuePreprocess'7.3 ms'Encode'83.5 ms'Decode'27.9 ms'Tokenize'0.0 ms'Total'119.1 ms'Object
index-d0f10e84.js:40 Transcribe-Sample: 119.39892578125 ms
index-d0f10e84.js:40 [Dataset] Reference: "the other thing we'll notice is that this orange dot is the room that has that heat pump blowing that warm air in"
index-d0f10e84.js:40 [Parakeet] Preprocessor: onnx, 701 frames × 128 mel bins, 29.0 ms
index-d0f10e84.js:40 [Perf] RTF: 38.08x (audio 7.00 s, time 0.18 s)
index-d0f10e84.js:40 (index)Value(index)ValuePreprocess'29.0 ms'Encode'86.2 ms'Decode'68.0 ms'Tokenize'0.0 ms'Total'183.9 ms'Object
index-d0f10e84.js:40 Transcribe-Sample: 184.30712890625 ms
index-d0f10e84.js:40 [Dataset] Reference: "how do i have six inches sticking out but the window starts here how do i actually make that work in the new i just decided to rip it out"
index-d0f10e84.js:40 [Parakeet] Preprocessor: onnx, 688 frames × 128 mel bins, 25.8 ms
index-d0f10e84.js:40 [Perf] RTF: 30.98x (audio 6.87 s, time 0.22 s)
index-d0f10e84.js:40 (index)Value(index)ValuePreprocess'25.8 ms'Encode'100.8 ms'Decode'94.3 ms'Tokenize'0.0 ms'Total'221.7 ms'Object
index-d0f10e84.js:40 Transcribe-Sample: 222.08984375 ms
index-d0f10e84.js:40 [Dataset] Reference: "how do i have six inches sticking out but the window starts here how do i actually make that work in the new i just decided to rip it out"
index-d0f10e84.js:40 [Parakeet] Preprocessor: onnx, 688 frames × 128 mel bins, 28.0 ms
index-d0f10e84.js:40 [Perf] RTF: 32.66x (audio 6.87 s, time 0.21 s)
index-d0f10e84.js:40 (index)Value(index)ValuePreprocess'28.0 ms'Encode'85.4 ms'Decode'96.1 ms'Tokenize'0.0 ms'Total'210.3 ms'Object
index-d0f10e84.js:40 Transcribe-Sample: 210.697021484375 ms
index-d0f10e84.js:40 [Dataset] Reference: "that's where you have a lot of windows in the south no actually that's passive solar and passive solar is something that was developed and designed in the 1960s and 70s and it was a great thing for what it was at the time but it's not a passive house"
index-d0f10e84.js:40 [Parakeet] Preprocessor: onnx, 1509 frames × 128 mel bins, 60.1 ms
index-d0f10e84.js:40 [Perf] RTF: 41.72x (audio 15.08 s, time 0.36 s)
index-d0f10e84.js:40 (index)Value(index)ValuePreprocess'60.1 ms'Encode'108.5 ms'Decode'191.2 ms'Tokenize'0.0 ms'Total'361.6 ms'Object
index-d0f10e84.js:40 Transcribe-Sample: 361.963134765625 ms
index-d0f10e84.js:40 [Dataset] Reference: "now why polyiso polyisocyanurate board is got a very high rvalue and you can buy used very cheaply which means that i'm saving it from going into a landfill i'm not causing them to make more for me and i'm getting a high rvalue"
index-d0f10e84.js:40 [Parakeet] Preprocessor: onnx, 1560 frames × 128 mel bins, 64.8 ms
index-d0f10e84.js:40 [Perf] RTF: 42.36x (audio 15.59 s, time 0.37 s)
index-d0f10e84.js:40 (index)Value(index)ValuePreprocess'64.8 ms'Encode'112.2 ms'Decode'189.5 ms'Tokenize'0.1 ms'Total'368.0 ms'Object
index-d0f10e84.js:40 Transcribe-Sample: 368.4609375 ms
index-d0f10e84.js:40 [Dataset] Reference: "there was a lot of work"
index-d0f10e84.js:40 [Parakeet] Preprocessor: onnx, 98 frames × 128 mel bins, 5.2 ms
index-d0f10e84.js:40 [Perf] RTF: 9.92x (audio 0.97 s, time 0.10 s)
index-d0f10e84.js:40 (index)Value(index)ValuePreprocess'5.2 ms'Encode'72.0 ms'Decode'20.4 ms'Tokenize'0.0 ms'Total'97.8 ms'Object
index-d0f10e84.js:40 Transcribe-Sample: 98.117919921875 ms
index-d0f10e84.js:40 [Dataset] Reference: "here's my house here's my deck"
index-d0f10e84.js:40 [Parakeet] Preprocessor: onnx, 276 frames × 128 mel bins, 9.6 ms
index-d0f10e84.js:40 [Perf] RTF: 17.71x (audio 2.75 s, time 0.16 s)
index-d0f10e84.js:40 (index)Value(index)ValuePreprocess'9.6 ms'Encode'102.7 ms'Decode'42.5 ms'Tokenize'0.0 ms'Total'155.2 ms'Object
index-d0f10e84.js:40 Transcribe-Sample: 155.657958984375 ms
index-d0f10e84.js:40 [Dataset] Reference: "something i did myself because i happened to have had the time to do it is that i bought myself a tagalong backhoe for three grand cause renting them was one hundred and fifty a day"
index-d0f10e84.js:40 [Parakeet] Preprocessor: onnx, 1029 frames × 128 mel bins, 42.0 ms
index-d0f10e84.js:40 [Perf] RTF: 37.58x (audio 10.28 s, time 0.27 s)
index-d0f10e84.js:40 (index)Value(index)ValuePreprocess'42.0 ms'Encode'99.2 ms'Decode'131.3 ms'Tokenize'0.0 ms'Total'273.5 ms'Object
index-d0f10e84.js:40 Transcribe-Sample: 273.862060546875 ms
index-d0f10e84.js:40 [Dataset] Reference: "when i'm doing my air sealing when i am in a passive house or in a house that i'm trying to make really tight every hole in your wall is going to increase your air changes per hour"
index-d0f10e84.js:40 [Parakeet] Preprocessor: onnx, 1047 frames × 128 mel bins, 44.8 ms
index-d0f10e84.js:40 [Perf] RTF: 38.03x (audio 10.46 s, time 0.28 s)
index-d0f10e84.js:40 (index)Value(index)ValuePreprocess'44.8 ms'Encode'100.4 ms'Decode'128.6 ms'Tokenize'0.0 ms'Total'275.0 ms'Object
index-d0f10e84.js:40 Transcribe-Sample: 275.400146484375 ms
index-d0f10e84.js:40 [Dataset] Reference: "i am a passive house consultant"
index-d0f10e84.js:40 [Parakeet] Preprocessor: onnx, 279 frames × 128 mel bins, 9.3 ms
index-d0f10e84.js:40 [Perf] RTF: 21.62x (audio 2.78 s, time 0.13 s)
index-d0f10e84.js:40 (index)Value(index)ValuePreprocess'9.3 ms'Encode'85.9 ms'Decode'32.9 ms'Tokenize'0.1 ms'Total'128.7 ms'Object
index-d0f10e84.js:40 Transcribe-Sample: 129.051025390625 ms
index-d0f10e84.js:40 [Dataset] Reference: "and the thermal bridging is insignificant"
index-d0f10e84.js:40 [Parakeet] Preprocessor: onnx, 309 frames × 128 mel bins, 9.7 ms
index-d0f10e84.js:40 [Perf] RTF: 23.05x (audio 3.08 s, time 0.13 s)
index-d0f10e84.js:40 (index)Value(index)ValuePreprocess'9.7 ms'Encode'85.2 ms'Decode'38.4 ms'Tokenize'0.0 ms'Total'133.7 ms'Object
index-d0f10e84.js:40 Transcribe-Sample: 134.05908203125 ms
index-d0f10e84.js:40 [Dataset] Reference: "i was amazed i thought that i had a great view with this window with the fivebyfive and then the two side windows"
index-d0f10e84.js:40 [Parakeet] Preprocessor: onnx, 724 frames × 128 mel bins, 29.6 ms
index-d0f10e84.js:40 [Perf] RTF: 33.48x (audio 7.23 s, time 0.22 s)
index-d0f10e84.js:40 (index)Value(index)ValuePreprocess'29.6 ms'Encode'94.4 ms'Decode'91.3 ms'Tokenize'0.0 ms'Total'216.0 ms'Object
index-d0f10e84.js:40 Transcribe-Sample: 216.302001953125 ms
index-d0f10e84.js:40 [Dataset] Reference: "we like cellulose which is recycled newspapers"
index-d0f10e84.js:40 [Parakeet] Preprocessor: onnx, 392 frames × 128 mel bins, 12.4 ms
index-d0f10e84.js:40 [Perf] RTF: 25.16x (audio 3.91 s, time 0.16 s)
index-d0f10e84.js:40 (index)Value(index)ValuePreprocess'12.4 ms'Encode'88.3 ms'Decode'54.3 ms'Tokenize'0.0 ms'Total'155.4 ms'Object
index-d0f10e84.js:40 Transcribe-Sample: 156.97998046875 ms
index-d0f10e84.js:40 [Dataset] Reference: "that was passed in the last legislative session"
index-d0f10e84.js:40 [Parakeet] Preprocessor: onnx, 306 frames × 128 mel bins, 9.9 ms
index-d0f10e84.js:40 [Perf] RTF: 19.64x (audio 3.05 s, time 0.16 s)
index-d0f10e84.js:40 (index)Value(index)ValuePreprocess'9.9 ms'Encode'79.1 ms'Decode'65.9 ms'Tokenize'0.0 ms'Total'155.3 ms'Object
index-d0f10e84.js:40 Transcribe-Sample: 155.636962890625 ms
index-d0f10e84.js:40 [Dataset] Reference: "i'm also adding seven twelve inches of rock wool downstairs on the inside because you have that bump out with the cinder block wall and i decided i just wanted to fill that up"
index-d0f10e84.js:40 [Parakeet] Preprocessor: onnx, 957 frames × 128 mel bins, 42.4 ms
index-d0f10e84.js:40 [Perf] RTF: 23.47x (audio 9.56 s, time 0.41 s)
index-d0f10e84.js:40 (index)Value(index)ValuePreprocess'42.4 ms'Encode'93.7 ms'Decode'270.3 ms'Tokenize'0.0 ms'Total'407.3 ms'Object
index-d0f10e84.js:40 Transcribe-Sample: 407.712890625 ms
index-d0f10e84.js:40 [Dataset] Reference: "very complex really hard to get through"
index-d0f10e84.js:40 [Parakeet] Preprocessor: onnx, 265 frames × 128 mel bins, 11.8 ms
index-d0f10e84.js:40 [Perf] RTF: 11.55x (audio 2.64 s, time 0.23 s)
index-d0f10e84.js:40 (index)Value(index)ValuePreprocess'11.8 ms'Encode'71.4 ms'Decode'144.8 ms'Tokenize'0.0 ms'Total'228.5 ms'Object
index-d0f10e84.js:40 Transcribe-Sample: 228.8720703125 ms
index-d0f10e84.js:40 [Dataset] Reference: "there was a lot of work"
index-d0f10e84.js:40 [Parakeet] Preprocessor: onnx, 98 frames × 128 mel bins, 4.4 ms
index-d0f10e84.js:40 [Perf] RTF: 8.88x (audio 0.97 s, time 0.11 s)
index-d0f10e84.js:40 (index)Value(index)ValuePreprocess'4.4 ms'Encode'73.9 ms'Decode'30.7 ms'Tokenize'0.0 ms'Total'109.3 ms'Object
index-d0f10e84.js:40 Transcribe-Sample: 110.03515625 ms
index-d0f10e84.js:40 [Dataset] Reference: "so i said instead of doing that i'm gonna put a bunch of fourbyfours on stilts into the ground"
index-d0f10e84.js:40 [Parakeet] Preprocessor: onnx, 635 frames × 128 mel bins, 26.3 ms
index-d0f10e84.js:40 [Perf] RTF: 30.71x (audio 6.34 s, time 0.21 s)
index-d0f10e84.js:40 (index)Value(index)ValuePreprocess'26.3 ms'Encode'83.8 ms'Decode'95.6 ms'Tokenize'0.0 ms'Total'206.5 ms'Object
index-d0f10e84.js:40 Transcribe-Sample: 206.864990234375 ms
index-d0f10e84.js:40 [Dataset] Reference: "air sealing first"
index-d0f10e84.js:40 [Parakeet] Preprocessor: onnx, 162 frames × 128 mel bins, 5.7 ms
index-d0f10e84.js:40 [Perf] RTF: 13.96x (audio 1.61 s, time 0.12 s)
index-d0f10e84.js:40 (index)Value(index)ValuePreprocess'5.7 ms'Encode'70.1 ms'Decode'39.2 ms'Tokenize'0.0 ms'Total'115.3 ms'Object
index-d0f10e84.js:40 Transcribe-Sample: 115.610107421875 ms
index-d0f10e84.js:40 [Dataset] Reference: "and water is conductive"
index-d0f10e84.js:40 [Parakeet] Preprocessor: onnx, 160 frames × 128 mel bins, 5.8 ms
index-d0f10e84.js:40 [Perf] RTF: 10.96x (audio 1.59 s, time 0.15 s)
index-d0f10e84.js:40 (index)Value(index)ValuePreprocess'5.8 ms'Encode'81.3 ms'Decode'57.7 ms'Tokenize'0.0 ms'Total'145.1 ms'Object
index-d0f10e84.js:40 Transcribe-Sample: 145.484130859375 ms
index-d0f10e84.js:40 [Dataset] Reference: "they even have grades of insulation installation one two and three where one is the best and three is the worst"
index-d0f10e84.js:40 [Parakeet] Preprocessor: onnx, 764 frames × 128 mel bins, 31.2 ms
index-d0f10e84.js:40 [Perf] RTF: 37.34x (audio 7.63 s, time 0.20 s)
index-d0f10e84.js:40 (index)Value(index)ValuePreprocess'31.2 ms'Encode'89.8 ms'Decode'82.7 ms'Tokenize'0.0 ms'Total'204.4 ms'Object
index-d0f10e84.js:40 Transcribe-Sample: 204.6767578125 ms
index-d0f10e84.js:40 [Dataset] Reference: "i'm also adding seven twelve inches of rock wool downstairs on the inside because you have that bump out with the cinder block wall and i decided i just wanted to fill that up"
index-d0f10e84.js:40 [Parakeet] Preprocessor: onnx, 957 frames × 128 mel bins, 41.4 ms
index-d0f10e84.js:40 [Perf] RTF: 34.43x (audio 9.56 s, time 0.28 s)
index-d0f10e84.js:40 (index)Value(index)ValuePreprocess'41.4 ms'Encode'96.7 ms'Decode'138.7 ms'Tokenize'0.0 ms'Total'277.6 ms'Object
index-d0f10e84.js:40 Transcribe-Sample: 278.044921875 ms
index-d0f10e84.js:40 [Dataset] Reference: "you have a right as a person who's selling that to go to the bank and say i'm selling a horse farm"
index-d0f10e84.js:40 [Parakeet] Preprocessor: onnx, 461 frames × 128 mel bins, 14.3 ms
index-d0f10e84.js:40 [Perf] RTF: 24.38x (audio 4.61 s, time 0.19 s)
index-d0f10e84.js:40 (index)Value(index)ValuePreprocess'14.3 ms'Encode'86.8 ms'Decode'87.3 ms'Tokenize'0.0 ms'Total'189.0 ms'Object
index-d0f10e84.js:40 Transcribe-Sample: 189.4189453125 ms
index-d0f10e84.js:40 [Dataset] Reference: "this is the actual blower door test it was four hundred and twenty five"
index-d0f10e84.js:40 [Parakeet] Preprocessor: onnx, 351 frames × 128 mel bins, 11.3 ms
index-d0f10e84.js:40 [Perf] RTF: 22.58x (audio 3.50 s, time 0.15 s)
index-d0f10e84.js:40 (index)Value(index)ValuePreprocess'11.3 ms'Encode'81.3 ms'Decode'61.9 ms'Tokenize'0.0 ms'Total'155.0 ms'Object
index-d0f10e84.js:40 Transcribe-Sample: 155.39892578125 ms
index-d0f10e84.js:40 [Dataset] Reference: "there's no heating system on in this house"
index-d0f10e84.js:40 [Parakeet] Preprocessor: onnx, 218 frames × 128 mel bins, 7.4 ms
index-d0f10e84.js:40 [Perf] RTF: 17.88x (audio 2.17 s, time 0.12 s)
index-d0f10e84.js:40 (index)Value(index)ValuePreprocess'7.4 ms'Encode'82.2 ms'Decode'31.3 ms'Tokenize'0.0 ms'Total'121.3 ms'Object
index-d0f10e84.js:40 Transcribe-Sample: 121.666015625 ms
index-d0f10e84.js:40 [Dataset] Reference: "the last two are passive houses"
index-d0f10e84.js:40 [Parakeet] Preprocessor: onnx, 215 frames × 128 mel bins, 8.2 ms
index-d0f10e84.js:40 [Perf] RTF: 17.79x (audio 2.14 s, time 0.12 s)
index-d0f10e84.js:40 (index)Value(index)ValuePreprocess'8.2 ms'Encode'84.8 ms'Decode'26.9 ms'Tokenize'0.0 ms'Total'120.3 ms'Object
index-d0f10e84.js:40 Transcribe-Sample: 120.678955078125 ms
index-d0f10e84.js:40 [Dataset] Reference: "i am a passive house consultant"
index-d0f10e84.js:40 [Parakeet] Preprocessor: onnx, 279 frames × 128 mel bins, 9.0 ms
index-d0f10e84.js:40 [Perf] RTF: 22.95x (audio 2.78 s, time 0.12 s)
index-d0f10e84.js:40 (index)Value(index)ValuePreprocess'9.0 ms'Encode'82.2 ms'Decode'29.7 ms'Tokenize'0.0 ms'Total'121.3 ms'Object
index-d0f10e84.js:40 Transcribe-Sample: 121.5859375 ms
index-d0f10e84.js:40 [Dataset] Reference: "now we like our bedrooms a little chilly but we didn't like them that chilly"
index-d0f10e84.js:40 [Parakeet] Preprocessor: onnx, 410 frames × 128 mel bins, 18.4 ms
index-d0f10e84.js:40 [Perf] RTF: 24.56x (audio 4.09 s, time 0.17 s)
index-d0f10e84.js:40 (index)Value(index)ValuePreprocess'18.4 ms'Encode'88.0 ms'Decode'59.6 ms'Tokenize'0.0 ms'Total'166.6 ms'Object
index-d0f10e84.js:40 Transcribe-Sample: 166.916015625 ms
index-d0f10e84.js:40 [Dataset] Reference: "net zero means that your house uses a certain amount of energy and you have a certain amount of renewable energies that covers the amount of energy your house uses"
index-d0f10e84.js:40 [Parakeet] Preprocessor: onnx, 983 frames × 128 mel bins, 40.6 ms
index-d0f10e84.js:40 [Perf] RTF: 37.86x (audio 9.82 s, time 0.26 s)
index-d0f10e84.js:40 (index)Value(index)ValuePreprocess'40.6 ms'Encode'98.9 ms'Decode'118.8 ms'Tokenize'0.0 ms'Total'259.4 ms'Object
index-d0f10e84.js:40 Transcribe-Sample: 259.72216796875 ms
index-d0f10e84.js:40 [Dataset] Reference: "the cost was all the work that had to be done"
index-d0f10e84.js:40 [Parakeet] Preprocessor: onnx, 245 frames × 128 mel bins, 8.2 ms
index-d0f10e84.js:40 [Perf] RTF: 19.43x (audio 2.44 s, time 0.13 s)
index-d0f10e84.js:40 (index)Value(index)ValuePreprocess'8.2 ms'Encode'88.3 ms'Decode'29.0 ms'Tokenize'0.0 ms'Total'125.8 ms'Object
index-d0f10e84.js:40 Transcribe-Sample: 126.05908203125 ms
index-d0f10e84.js:40 [Dataset] Reference: "and what did the 20th century bring us well it brought us a lot of machines and it brought us cheap oil which is basically what we've been running on as a country for a hundred plus years"
index-d0f10e84.js:40 [Parakeet] Preprocessor: onnx, 1202 frames × 128 mel bins, 48.0 ms
index-d0f10e84.js:40 [Perf] RTF: 44.18x (audio 12.01 s, time 0.27 s)
index-d0f10e84.js:40 (index)Value(index)ValuePreprocess'48.0 ms'Encode'99.3 ms'Decode'123.5 ms'Tokenize'0.0 ms'Total'271.9 ms'Object
index-d0f10e84.js:40 Transcribe-Sample: 272.195068359375 ms
index-d0f10e84.js:40 [Dataset] Reference: "now i have to explain something about that"
index-d0f10e84.js:40 [Parakeet] Preprocessor: onnx, 313 frames × 128 mel bins, 10.5 ms
index-d0f10e84.js:40 [Perf] RTF: 25.64x (audio 3.12 s, time 0.12 s)
index-d0f10e84.js:40 (index)Value(index)ValuePreprocess'10.5 ms'Encode'82.9 ms'Decode'27.9 ms'Tokenize'0.0 ms'Total'121.7 ms'Object
index-d0f10e84.js:40 Transcribe-Sample: 121.990966796875 ms
index-d0f10e84.js:40 [Dataset] Reference: "very complex really hard to get through"
index-d0f10e84.js:40 [Parakeet] Preprocessor: onnx, 265 frames × 128 mel bins, 8.8 ms
index-d0f10e84.js:40 [Perf] RTF: 22.80x (audio 2.64 s, time 0.12 s)
index-d0f10e84.js:40 (index)Value(index)ValuePreprocess'8.8 ms'Encode'75.4 ms'Decode'31.3 ms'Tokenize'0.0 ms'Total'115.8 ms'Object
index-d0f10e84.js:40 Transcribe-Sample: 116.20703125 ms
index-d0f10e84.js:40 [Dataset] Reference: "here's my house here's my deck"
index-d0f10e84.js:40 [Parakeet] Preprocessor: onnx, 276 frames × 128 mel bins, 8.8 ms
index-d0f10e84.js:40 [Perf] RTF: 23.00x (audio 2.75 s, time 0.12 s)
index-d0f10e84.js:40 (index)Value(index)ValuePreprocess'8.8 ms'Encode'75.2 ms'Decode'35.3 ms'Tokenize'0.0 ms'Total'119.6 ms'Object
index-d0f10e84.js:40 Transcribe-Sample: 119.89501953125 ms
index-d0f10e84.js:40 [Dataset] Reference: "i cannot say to you build a house with these walls and you'll have a passive house because there are too many factors involved"
index-d0f10e84.js:40 [Parakeet] Preprocessor: onnx, 686 frames × 128 mel bins, 21.9 ms
index-d0f10e84.js:40 [Perf] RTF: 36.98x (audio 6.85 s, time 0.19 s)
index-d0f10e84.js:40 (index)Value(index)ValuePreprocess'21.9 ms'Encode'81.7 ms'Decode'80.9 ms'Tokenize'0.0 ms'Total'185.2 ms'Object
index-d0f10e84.js:40 Transcribe-Sample: 185.593017578125 ms
index-d0f10e84.js:40 [Dataset] Reference: "and then i wanted that bay window replaced with a flat window and that costed me another four thousand"
index-d0f10e84.js:40 [Parakeet] Preprocessor: onnx, 511 frames × 128 mel bins, 16.7 ms
index-d0f10e84.js:40 [Perf] RTF: 30.74x (audio 5.10 s, time 0.17 s)
index-d0f10e84.js:40 (index)Value(index)ValuePreprocess'16.7 ms'Encode'81.6 ms'Decode'67.0 ms'Tokenize'0.0 ms'Total'165.9 ms'Object
index-d0f10e84.js:40 Transcribe-Sample: 166.280029296875 ms
index-d0f10e84.js:40 [Dataset] Reference: "i had a hydronic heating or baseboard heating"
index-d0f10e84.js:40 [Parakeet] Preprocessor: onnx, 220 frames × 128 mel bins, 17.2 ms
index-d0f10e84.js:40 [Perf] RTF: 14.73x (audio 2.19 s, time 0.15 s)
index-d0f10e84.js:40 (index)Value(index)ValuePreprocess'17.2 ms'Encode'83.0 ms'Decode'48.2 ms'Tokenize'0.0 ms'Total'148.7 ms'Object
index-d0f10e84.js:40 Transcribe-Sample: 149.0400390625 ms
index-d0f10e84.js:40 [Dataset] Reference: "never mind the wood"
index-d0f10e84.js:40 [Parakeet] Preprocessor: onnx, 87 frames × 128 mel bins, 3.9 ms
index-d0f10e84.js:40 [Perf] RTF: 8.18x (audio 0.86 s, time 0.11 s)
index-d0f10e84.js:40 (index)Value(index)ValuePreprocess'3.9 ms'Encode'78.8 ms'Decode'22.2 ms'Tokenize'0.0 ms'Total'105.1 ms'Object
index-d0f10e84.js:40 Transcribe-Sample: 105.39892578125 ms
index-d0f10e84.js:40 [Dataset] Reference: "this is all the spray foam that he did against that osb that you just saw giving me an rvalue here"
index-d0f10e84.js:40 [Parakeet] Preprocessor: onnx, 721 frames × 128 mel bins, 28.5 ms
index-d0f10e84.js:40 [Perf] RTF: 36.59x (audio 7.20 s, time 0.20 s)
index-d0f10e84.js:40 (index)Value(index)ValuePreprocess'28.5 ms'Encode'94.2 ms'Decode'73.5 ms'Tokenize'0.0 ms'Total'196.8 ms'Object
index-d0f10e84.js:40 Transcribe-Sample: 197.17919921875 ms
index-d0f10e84.js:40 [Dataset] Reference: "and this is the path that we're working on ph is just my abbreviation for passive house"
index-d0f10e84.js:40 [Parakeet] Preprocessor: onnx, 527 frames × 128 mel bins, 17.0 ms
index-d0f10e84.js:40 [Perf] RTF: 30.97x (audio 5.26 s, time 0.17 s)
index-d0f10e84.js:40 (index)Value(index)ValuePreprocess'17.0 ms'Encode'91.1 ms'Decode'61.4 ms'Tokenize'0.0 ms'Total'169.9 ms'Object
index-d0f10e84.js:40 Transcribe-Sample: 170.27978515625 ms
index-d0f10e84.js:40 [Dataset] Reference: "are there questions i got one"
index-d0f10e84.js:40 [Parakeet] Preprocessor: onnx, 206 frames × 128 mel bins, 8.8 ms
index-d0f10e84.js:40 [Perf] RTF: 16.34x (audio 2.06 s, time 0.13 s)
index-d0f10e84.js:40 (index)Value(index)ValuePreprocess'8.8 ms'Encode'80.1 ms'Decode'36.6 ms'Tokenize'0.0 ms'Total'125.8 ms'Object
index-d0f10e84.js:40 Transcribe-Sample: 126.196044921875 ms
index-d0f10e84.js:40 [Dataset] Reference: "first of all if you've seen black when you open up a wall if you see black in your fiberglass you have airwashing"
index-d0f10e84.js:40 [Parakeet] Preprocessor: onnx, 739 frames × 128 mel bins, 31.0 ms
index-d0f10e84.js:40 [Perf] RTF: 36.20x (audio 7.38 s, time 0.20 s)
index-d0f10e84.js:40 (index)Value(index)ValuePreprocess'31.0 ms'Encode'86.6 ms'Decode'85.3 ms'Tokenize'0.0 ms'Total'203.8 ms'Object
index-d0f10e84.js:40 Transcribe-Sample: 204.196044921875 ms
index-d0f10e84.js:40 [Dataset] Reference: "you've got a walkout basement which is where the garage is"
index-d0f10e84.js:40 [Parakeet] Preprocessor: onnx, 265 frames × 128 mel bins, 9.0 ms
index-d0f10e84.js:40 [Perf] RTF: 18.66x (audio 2.64 s, time 0.14 s)
index-d0f10e84.js:40 (index)Value(index)ValuePreprocess'9.0 ms'Encode'83.4 ms'Decode'48.8 ms'Tokenize'0.0 ms'Total'141.5 ms'Object
index-d0f10e84.js:40 Transcribe-Sample: 141.85107421875 ms
index-d0f10e84.js:40 [Dataset] Reference: "here's my house here's my deck"
index-d0f10e84.js:40 [Parakeet] Preprocessor: onnx, 276 frames × 128 mel bins, 9.3 ms
index-d0f10e84.js:40 [Perf] RTF: 21.32x (audio 2.75 s, time 0.13 s)
index-d0f10e84.js:40 (index)Value(index)ValuePreprocess'9.3 ms'Encode'80.6 ms'Decode'38.6 ms'Tokenize'0.0 ms'Total'129.0 ms'Object
index-d0f10e84.js:40 Transcribe-Sample: 129.341064453125 ms
index-d0f10e84.js:40 [Dataset] Reference: "i've been to their house"
index-d0f10e84.js:40 [Parakeet] Preprocessor: onnx, 200 frames × 128 mel bins, 7.0 ms
index-d0f10e84.js:40 [Perf] RTF: 18.50x (audio 1.99 s, time 0.11 s)
index-d0f10e84.js:40 (index)Value(index)ValuePreprocess'7.0 ms'Encode'76.0 ms'Decode'24.3 ms'Tokenize'0.0 ms'Total'107.6 ms'Object
index-d0f10e84.js:40 Transcribe-Sample: 107.89892578125 ms
index-d0f10e84.js:40 [Dataset] Reference: "this is an intelligent membrane"
index-d0f10e84.js:40 [Parakeet] Preprocessor: onnx, 200 frames × 128 mel bins, 6.8 ms
index-d0f10e84.js:40 [Perf] RTF: 18.21x (audio 1.99 s, time 0.11 s)
index-d0f10e84.js:40 (index)Value(index)ValuePreprocess'6.8 ms'Encode'73.5 ms'Decode'28.6 ms'Tokenize'0.0 ms'Total'109.3 ms'Object
index-d0f10e84.js:40 Transcribe-Sample: 109.587890625 ms
index-d0f10e84.js:40 [Dataset] Reference: "this is the actual blower door test it was four hundred and twenty five"
index-d0f10e84.js:40 [Parakeet] Preprocessor: onnx, 351 frames × 128 mel bins, 11.4 ms
index-d0f10e84.js:40 [Perf] RTF: 26.80x (audio 3.50 s, time 0.13 s)
index-d0f10e84.js:40 (index)Value(index)ValuePreprocess'11.4 ms'Encode'79.0 ms'Decode'39.7 ms'Tokenize'0.0 ms'Total'130.6 ms'Object
index-d0f10e84.js:40 Transcribe-Sample: 130.901123046875 ms
index-d0f10e84.js:40 [Dataset] Reference: "yeah well no i've built it out"
index-d0f10e84.js:40 [Parakeet] Preprocessor: onnx, 230 frames × 128 mel bins, 7.8 ms
index-d0f10e84.js:40 [Perf] RTF: 19.69x (audio 2.29 s, time 0.12 s)
index-d0f10e84.js:40 (index)Value(index)ValuePreprocess'7.8 ms'Encode'73.9 ms'Decode'34.3 ms'Tokenize'0.0 ms'Total'116.3 ms'Object
index-d0f10e84.js:40 Transcribe-Sample: 116.671875 ms
index-d0f10e84.js:40 [Dataset] Reference: "never mind the wood"
index-d0f10e84.js:40 [Parakeet] Preprocessor: onnx, 87 frames × 128 mel bins, 5.4 ms
index-d0f10e84.js:40 [Perf] RTF: 8.30x (audio 0.86 s, time 0.10 s)
index-d0f10e84.js:40 (index)Value(index)ValuePreprocess'5.4 ms'Encode'77.2 ms'Decode'20.7 ms'Tokenize'0.0 ms'Total'103.6 ms'Object
index-d0f10e84.js:40 Transcribe-Sample: 103.887939453125 ms
index-d0f10e84.js:40 [Dataset] Reference: "it's tied to something called the international energy commission code which is the minimum that you can build to"
index-d0f10e84.js:40 [Parakeet] Preprocessor: onnx, 908 frames × 128 mel bins, 38.8 ms
index-d0f10e84.js:40 [Perf] RTF: 41.58x (audio 9.07 s, time 0.22 s)
index-d0f10e84.js:40 (index)Value(index)ValuePreprocess'38.8 ms'Encode'97.0 ms'Decode'81.1 ms'Tokenize'0.0 ms'Total'218.1 ms'Object
index-d0f10e84.js:40 Transcribe-Sample: 218.47216796875 ms
index-d0f10e84.js:40 [Dataset] Reference: "i was amazed i thought that i had a great view with this window with the fivebyfive and then the two side windows"
index-d0f10e84.js:40 [Parakeet] Preprocessor: onnx, 724 frames × 128 mel bins, 29.1 ms
index-d0f10e84.js:40 [Perf] RTF: 34.81x (audio 7.23 s, time 0.21 s)
index-d0f10e84.js:40 (index)Value(index)ValuePreprocess'29.1 ms'Encode'95.5 ms'Decode'82.3 ms'Tokenize'0.0 ms'Total'207.7 ms'Object
index-d0f10e84.js:40 Transcribe-Sample: 208.066162109375 ms
index-d0f10e84.js:40 [Dataset] Reference: "so the first thing you noticed is that the temperatures inside this house are very even"
index-d0f10e84.js:40 [Parakeet] Preprocessor: onnx, 459 frames × 128 mel bins, 14.4 ms
index-d0f10e84.js:40 [Perf] RTF: 29.61x (audio 4.58 s, time 0.15 s)
index-d0f10e84.js:40 (index)Value(index)ValuePreprocess'14.4 ms'Encode'88.0 ms'Decode'51.7 ms'Tokenize'0.0 ms'Total'154.7 ms'Object
index-d0f10e84.js:40 Transcribe-Sample: 155.002197265625 ms
index-d0f10e84.js:40 [Dataset] Reference: "and this is the path that we're working on ph is just my abbreviation for passive house"
index-d0f10e84.js:40 [Parakeet] Preprocessor: onnx, 527 frames × 128 mel bins, 19.1 ms
index-d0f10e84.js:40 [Perf] RTF: 30.48x (audio 5.26 s, time 0.17 s)
index-d0f10e84.js:40 (index)Value(index)ValuePreprocess'19.1 ms'Encode'87.7 ms'Decode'65.3 ms'Tokenize'0.0 ms'Total'172.7 ms'Object
index-d0f10e84.js:40 Transcribe-Sample: 172.968017578125 ms
index-d0f10e84.js:40 [Dataset] Reference: "i am a passive house consultant"
index-d0f10e84.js:40 [Parakeet] Preprocessor: onnx, 279 frames × 128 mel bins, 9.0 ms
index-d0f10e84.js:40 [Perf] RTF: 22.79x (audio 2.78 s, time 0.12 s)
index-d0f10e84.js:40 (index)Value(index)ValuePreprocess'9.0 ms'Encode'85.0 ms'Decode'27.8 ms'Tokenize'0.0 ms'Total'122.1 ms'Object
index-d0f10e84.js:40 Transcribe-Sample: 122.4560546875 ms
index-d0f10e84.js:40 [Dataset] Reference: "now i'm gonna ask the question"
index-d0f10e84.js:40 [Parakeet] Preprocessor: onnx, 162 frames × 128 mel bins, 5.7 ms
index-d0f10e84.js:40 [Perf] RTF: 14.45x (audio 1.61 s, time 0.11 s)
index-d0f10e84.js:40 (index)Value(index)ValuePreprocess'5.7 ms'Encode'81.0 ms'Decode'24.5 ms'Tokenize'0.0 ms'Total'111.4 ms'Object
index-d0f10e84.js:40 Transcribe-Sample: 111.76806640625 ms
index-d0f10e84.js:40 [Dataset] Reference: "this is actual data from actual houses in vermont"
index-d0f10e84.js:40 [Parakeet] Preprocessor: onnx, 276 frames × 128 mel bins, 9.5 ms
index-d0f10e84.js:40 [Perf] RTF: 20.37x (audio 2.75 s, time 0.13 s)
index-d0f10e84.js:40 (index)Value(index)ValuePreprocess'9.5 ms'Encode'83.7 ms'Decode'41.5 ms'Tokenize'0.0 ms'Total'135.0 ms'Object
index-d0f10e84.js:40 Transcribe-Sample: 135.30322265625 ms
index-d0f10e84.js:40 [Dataset] Reference: "i just make up a number"
index-d0f10e84.js:40 [Parakeet] Preprocessor: onnx, 133 frames × 128 mel bins, 5.0 ms
index-d0f10e84.js:40 [Perf] RTF: 13.13x (audio 1.33 s, time 0.10 s)
index-d0f10e84.js:40 (index)Value(index)ValuePreprocess'5.0 ms'Encode'74.6 ms'Decode'21.3 ms'Tokenize'0.0 ms'Total'101.2 ms'Object
index-d0f10e84.js:40 Transcribe-Sample: 101.488037109375 ms
index-d0f10e84.js:40 [Dataset] Reference: "gaseous water can move into the wall and move out of the wall"
index-d0f10e84.js:40 [Parakeet] Preprocessor: onnx, 352 frames × 128 mel bins, 11.3 ms
index-d0f10e84.js:40 [Perf] RTF: 25.84x (audio 3.51 s, time 0.14 s)
index-d0f10e84.js:40 (index)Value(index)ValuePreprocess'11.3 ms'Encode'81.4 ms'Decode'42.8 ms'Tokenize'0.0 ms'Total'135.8 ms'Object
index-d0f10e84.js:40 Transcribe-Sample: 136.243896484375 ms
index-d0f10e84.js:40 [Dataset] Reference: "and then i wanted that bay window replaced with a flat window and that costed me another four thousand"
index-d0f10e84.js:40 [Parakeet] Preprocessor: onnx, 511 frames × 128 mel bins, 16.2 ms
index-d0f10e84.js:40 [Perf] RTF: 29.40x (audio 5.10 s, time 0.17 s)
index-d0f10e84.js:40 (index)Value(index)ValuePreprocess'16.2 ms'Encode'85.2 ms'Decode'71.6 ms'Tokenize'0.0 ms'Total'173.5 ms'Object
index-d0f10e84.js:40 Transcribe-Sample: 173.81494140625 ms
index-d0f10e84.js:40 [Dataset] Reference: "i work with a contractor who does energy audits and we walk around the thermal imaging camera"
index-d0f10e84.js:40 [Parakeet] Preprocessor: onnx, 785 frames × 128 mel bins, 31.1 ms
index-d0f10e84.js:40 [Perf] RTF: 38.27x (audio 7.84 s, time 0.20 s)
index-d0f10e84.js:40 (index)Value(index)ValuePreprocess'31.1 ms'Encode'95.1 ms'Decode'77.8 ms'Tokenize'0.0 ms'Total'204.9 ms'Object
index-d0f10e84.js:40 Transcribe-Sample: 205.237060546875 ms
index-d0f10e84.js:40 [Dataset] Reference: "are there questions i got one"
index-d0f10e84.js:40 [Parakeet] Preprocessor: onnx, 206 frames × 128 mel bins, 7.2 ms
index-d0f10e84.js:40 [Perf] RTF: 16.26x (audio 2.06 s, time 0.13 s)
index-d0f10e84.js:40 (index)Value(index)ValuePreprocess'7.2 ms'Encode'85.5 ms'Decode'33.4 ms'Tokenize'0.0 ms'Total'126.5 ms'Object
index-d0f10e84.js:40 Transcribe-Sample: 126.777099609375 ms
index-d0f10e84.js:40 [Dataset] Reference: "and as soon as the energy that you're using goes up in price then because your passive house is using ninety less than that house your incremental increase in cost is smaller"
index-d0f10e84.js:40 [Parakeet] Preprocessor: onnx, 1291 frames × 128 mel bins, 50.7 ms
index-d0f10e84.js:40 [Perf] RTF: 47.89x (audio 12.90 s, time 0.27 s)
index-d0f10e84.js:40 (index)Value(index)ValuePreprocess'50.7 ms'Encode'101.1 ms'Decode'116.1 ms'Tokenize'0.0 ms'Total'269.4 ms'Object
index-d0f10e84.js:40 Transcribe-Sample: 269.7509765625 ms
index-d0f10e84.js:40 [Dataset] Reference: "and then i wanted that bay window replaced with a flat window and that costed me another four thousand"
index-d0f10e84.js:40 [Parakeet] Preprocessor: onnx, 511 frames × 128 mel bins, 15.8 ms
index-d0f10e84.js:40 [Perf] RTF: 14.52x (audio 5.10 s, time 0.35 s)
index-d0f10e84.js:40 (index)Value(index)ValuePreprocess'15.8 ms'Encode'269.4 ms'Decode'65.4 ms'Tokenize'0.0 ms'Total'351.2 ms'Object
index-d0f10e84.js:40 Transcribe-Sample: 351.47802734375 ms
index-d0f10e84.js:40 [Dataset] Reference: "here's my house here's my deck"
index-d0f10e84.js:40 [Parakeet] Preprocessor: onnx, 276 frames × 128 mel bins, 9.0 ms
index-d0f10e84.js:40 [Perf] RTF: 22.85x (audio 2.75 s, time 0.12 s)
index-d0f10e84.js:40 (index)Value(index)ValuePreprocess'9.0 ms'Encode'75.0 ms'Decode'36.0 ms'Tokenize'0.0 ms'Total'120.4 ms'Object
index-d0f10e84.js:40 Transcribe-Sample: 120.780029296875 ms
index-d0f10e84.js:40 [Dataset] Reference: "gaseous water can move into the wall and move out of the wall"
index-d0f10e84.js:40 [Parakeet] Preprocessor: onnx, 352 frames × 128 mel bins, 10.8 ms
index-d0f10e84.js:40 [Perf] RTF: 23.91x (audio 3.51 s, time 0.15 s)
index-d0f10e84.js:40 (index)Value(index)ValuePreprocess'10.8 ms'Encode'91.9 ms'Decode'43.7 ms'Tokenize'0.0 ms'Total'146.8 ms'Object
index-d0f10e84.js:40 Transcribe-Sample: 147.216064453125 ms
index-d0f10e84.js:40 [Dataset] Reference: "how do i have six inches sticking out but the window starts here how do i actually make that work in the new i just decided to rip it out"
index-d0f10e84.js:40 [Parakeet] Preprocessor: onnx, 688 frames × 128 mel bins, 24.9 ms
index-d0f10e84.js:40 [Perf] RTF: 33.21x (audio 6.87 s, time 0.21 s)
index-d0f10e84.js:40 (index)Value(index)ValuePreprocess'24.9 ms'Encode'84.5 ms'Decode'96.6 ms'Tokenize'0.0 ms'Total'206.9 ms'Object
index-d0f10e84.js:40 Transcribe-Sample: 207.2470703125 ms
index-d0f10e84.js:40 [Dataset] Reference: "air sealing first"
index-d0f10e84.js:40 [Parakeet] Preprocessor: onnx, 162 frames × 128 mel bins, 6.2 ms
index-d0f10e84.js:40 [Perf] RTF: 14.08x (audio 1.61 s, time 0.11 s)
index-d0f10e84.js:40 (index)Value(index)ValuePreprocess'6.2 ms'Encode'82.4 ms'Decode'25.4 ms'Tokenize'0.0 ms'Total'114.3 ms'Object
index-d0f10e84.js:40 Transcribe-Sample: 114.674072265625 ms
index-d0f10e84.js:40 [Dataset] Reference: "and we found through studies that people are comfortable at a lower set temperature if all the surfaces are radiating the same temperature"
index-d0f10e84.js:40 [Parakeet] Preprocessor: onnx, 883 frames × 128 mel bins, 35.3 ms
index-d0f10e84.js:40 [Perf] RTF: 40.36x (audio 8.82 s, time 0.22 s)
index-d0f10e84.js:40 (index)Value(index)ValuePreprocess'35.3 ms'Encode'93.2 ms'Decode'89.1 ms'Tokenize'0.0 ms'Total'218.6 ms'Object
index-d0f10e84.js:40 Transcribe-Sample: 218.93896484375 ms
index-d0f10e84.js:40 [Dataset] Reference: "if you leave that stuff out in the rain a week later you can just squeeze the water out of it"
index-d0f10e84.js:40 [Parakeet] Preprocessor: onnx, 425 frames × 128 mel bins, 13.6 ms
index-d0f10e84.js:40 [Perf] RTF: 25.70x (audio 4.25 s, time 0.17 s)
index-d0f10e84.js:40 (index)Value(index)ValuePreprocess'13.6 ms'Encode'89.3 ms'Decode'61.8 ms'Tokenize'0.0 ms'Total'165.2 ms'Object
index-d0f10e84.js:40 Transcribe-Sample: 165.552001953125 ms
index-d0f10e84.js:40 [Dataset] Reference: "so that's the first presentation"
index-d0f10e84.js:40 [Parakeet] Preprocessor: onnx, 213 frames × 128 mel bins, 7.2 ms
index-d0f10e84.js:40 [Perf] RTF: 14.83x (audio 2.12 s, time 0.14 s)
index-d0f10e84.js:40 (index)Value(index)ValuePreprocess'7.2 ms'Encode'85.6 ms'Decode'49.9 ms'Tokenize'0.0 ms'Total'143.0 ms'Object
index-d0f10e84.js:40 Transcribe-Sample: 143.2978515625 ms
index-d0f10e84.js:40 [Dataset] Reference: "there's a maximum overheating of twelve"
index-d0f10e84.js:40 [Parakeet] Preprocessor: onnx, 284 frames × 128 mel bins, 9.2 ms
index-d0f10e84.js:40 [Perf] RTF: 21.76x (audio 2.83 s, time 0.13 s)
index-d0f10e84.js:40 (index)Value(index)ValuePreprocess'9.2 ms'Encode'85.0 ms'Decode'35.5 ms'Tokenize'0.0 ms'Total'130.1 ms'Object
index-d0f10e84.js:40 Transcribe-Sample: 130.39697265625 ms
index-d0f10e84.js:40 [Dataset] Reference: "every time i've undone a wall in the garage or somewhere and looked at that in the basement to look at that stuff it's black with dirt"
index-d0f10e84.js:40 [Parakeet] Preprocessor: onnx, 1155 frames × 128 mel bins, 44.6 ms
index-d0f10e84.js:40 [Perf] RTF: 45.69x (audio 11.55 s, time 0.25 s)
index-d0f10e84.js:40 (index)Value(index)ValuePreprocess'44.6 ms'Encode'102.8 ms'Decode'104.3 ms'Tokenize'0.0 ms'Total'252.7 ms'Object
index-d0f10e84.js:40 Transcribe-Sample: 253.06591796875 ms
index-d0f10e84.js:40 [Dataset] Reference: "i'm also adding seven twelve inches of rock wool downstairs on the inside because you have that bump out with the cinder block wall and i decided i just wanted to fill that up"
index-d0f10e84.js:40 [Parakeet] Preprocessor: onnx, 957 frames × 128 mel bins, 39.0 ms
index-d0f10e84.js:40 [Perf] RTF: 36.19x (audio 9.56 s, time 0.26 s)
index-d0f10e84.js:40 (index)Value(index)ValuePreprocess'39.0 ms'Encode'94.0 ms'Decode'130.3 ms'Tokenize'0.0 ms'Total'264.1 ms'Object
index-d0f10e84.js:40 Transcribe-Sample: 264.543212890625 ms
index-d0f10e84.js:40 [Dataset] Reference: "i just make up a number"
index-d0f10e84.js:40 [Parakeet] Preprocessor: onnx, 133 frames × 128 mel bins, 5.0 ms
index-d0f10e84.js:40 [Perf] RTF: 12.61x (audio 1.33 s, time 0.11 s)
index-d0f10e84.js:40 (index)Value(index)ValuePreprocess'5.0 ms'Encode'79.4 ms'Decode'20.7 ms'Tokenize'0.0 ms'Total'105.3 ms'Object
index-d0f10e84.js:40 Transcribe-Sample: 105.6748046875 ms
index-d0f10e84.js:40 [Dataset] Reference: "why however is that so high why is this one using three times the heating energy of that it happens that that family is being lived in by the family that lives there was from the sudan and they'd like to keep their house at ninety degrees"
index-d0f10e84.js:40 [Parakeet] Preprocessor: onnx, 1619 frames × 128 mel bins, 62.8 ms
index-d0f10e84.js:40 [Perf] RTF: 48.87x (audio 16.18 s, time 0.33 s)
index-d0f10e84.js:40 (index)Value(index)ValuePreprocess'62.8 ms'Encode'117.2 ms'Decode'149.7 ms'Tokenize'0.0 ms'Total'331.1 ms'Object
index-d0f10e84.js:40 Transcribe-Sample: 331.483154296875 ms
index-d0f10e84.js:40 [Dataset] Reference: "and if you get there then you do this"
index-d0f10e84.js:40 [Parakeet] Preprocessor: onnx, 269 frames × 128 mel bins, 8.7 ms
index-d0f10e84.js:40 [Perf] RTF: 22.36x (audio 2.68 s, time 0.12 s)
index-d0f10e84.js:40 (index)Value(index)ValuePreprocess'8.7 ms'Encode'87.1 ms'Decode'23.7 ms'Tokenize'0.0 ms'Total'119.9 ms'Object
index-d0f10e84.js:40 Transcribe-Sample: 120.27685546875 ms
index-d0f10e84.js:40 [Dataset] Reference: "here's my house here's my deck"
index-d0f10e84.js:40 [Parakeet] Preprocessor: onnx, 276 frames × 128 mel bins, 8.8 ms
index-d0f10e84.js:40 [Perf] RTF: 21.26x (audio 2.75 s, time 0.13 s)
index-d0f10e84.js:40 (index)Value(index)ValuePreprocess'8.8 ms'Encode'83.6 ms'Decode'36.6 ms'Tokenize'0.0 ms'Total'129.4 ms'Object
index-d0f10e84.js:40 Transcribe-Sample: 129.6669921875 ms
index-d0f10e84.js:40 [Dataset] Reference: "and okay"
index-d0f10e84.js:40 [Parakeet] Preprocessor: onnx, 135 frames × 128 mel bins, 5.7 ms
index-d0f10e84.js:40 [Perf] RTF: 12.19x (audio 1.35 s, time 0.11 s)
index-d0f10e84.js:40 (index)Value(index)ValuePreprocess'5.7 ms'Encode'81.9 ms'Decode'22.6 ms'Tokenize'0.0 ms'Total'110.5 ms'Object
index-d0f10e84.js:40 Transcribe-Sample: 110.880126953125 ms
index-d0f10e84.js:40 [Dataset] Reference: "so that's the first presentation"
index-d0f10e84.js:40 [Parakeet] Preprocessor: onnx, 213 frames × 128 mel bins, 7.2 ms
index-d0f10e84.js:40 [Perf] RTF: 18.17x (audio 2.12 s, time 0.12 s)
index-d0f10e84.js:40 (index)Value(index)ValuePreprocess'7.2 ms'Encode'84.4 ms'Decode'24.7 ms'Tokenize'0.0 ms'Total'116.7 ms'Object
index-d0f10e84.js:40 Transcribe-Sample: 117.00390625 ms
index-d0f10e84.js:40 [Dataset] Reference: "you have a right as a person who's selling that to go to the bank and say i'm selling a horse farm"
index-d0f10e84.js:40 [Parakeet] Preprocessor: onnx, 461 frames × 128 mel bins, 14.7 ms
index-d0f10e84.js:40 [Perf] RTF: 23.14x (audio 4.61 s, time 0.20 s)
index-d0f10e84.js:40 (index)Value(index)ValuePreprocess'14.7 ms'Encode'100.1 ms'Decode'83.7 ms'Tokenize'0.0 ms'Total'199.1 ms'Object
index-d0f10e84.js:40 Transcribe-Sample: 199.4130859375 ms
index-d0f10e84.js:40 [Dataset] Reference: "and if you get there then you do this"
index-d0f10e84.js:40 [Parakeet] Preprocessor: onnx, 269 frames × 128 mel bins, 9.0 ms
index-d0f10e84.js:40 [Perf] RTF: 22.79x (audio 2.68 s, time 0.12 s)
index-d0f10e84.js:40 (index)Value(index)ValuePreprocess'9.0 ms'Encode'83.6 ms'Decode'24.7 ms'Tokenize'0.0 ms'Total'117.6 ms'Object
index-d0f10e84.js:40 Transcribe-Sample: 117.93505859375 ms
index-d0f10e84.js:40 [Dataset] Reference: "what does it cost for this person who's living in this house now this is a habitat house"
index-d0f10e84.js:40 [Parakeet] Preprocessor: onnx, 346 frames × 128 mel bins, 11.4 ms
index-d0f10e84.js:40 [Perf] RTF: 21.27x (audio 3.45 s, time 0.16 s)
index-d0f10e84.js:40 (index)Value(index)ValuePreprocess'11.4 ms'Encode'81.6 ms'Decode'68.8 ms'Tokenize'0.0 ms'Total'162.2 ms'Object
index-d0f10e84.js:40 Transcribe-Sample: 162.597900390625 ms
index-d0f10e84.js:40 [Dataset] Reference: "what's fascinating about vermont is that it's got a very democratic legislature overall but there's also a very deep libertarian democratic bent which says we cannot force things on people because that's not what we do and every time they appoint someone and say look what we'd really like to do is to say you cannot sell a house unless you have an energy audit and i talked to the people in those groups who are representing the bank and the real estate side of things"
index-d0f10e84.js:40 [Parakeet] Preprocessor: onnx, 3956 frames × 128 mel bins, 142.6 ms
index-d0f10e84.js:40 [Perf] RTF: 55.39x (audio 39.55 s, time 0.71 s)
index-d0f10e84.js:40 (index)Value(index)ValuePreprocess'142.6 ms'Encode'229.5 ms'Decode'338.9 ms'Tokenize'0.0 ms'Total'714.0 ms'Object
index-d0f10e84.js:40 Transcribe-Sample: 714.47802734375 ms
index-d0f10e84.js:40 [Dataset] Reference: "and water is conductive"
index-d0f10e84.js:40 [Parakeet] Preprocessor: onnx, 160 frames × 128 mel bins, 5.5 ms
index-d0f10e84.js:40 [Perf] RTF: 14.32x (audio 1.59 s, time 0.11 s)
index-d0f10e84.js:40 (index)Value(index)ValuePreprocess'5.5 ms'Encode'86.9 ms'Decode'18.3 ms'Tokenize'0.0 ms'Total'111.1 ms'Object
index-d0f10e84.js:40 Transcribe-Sample: 111.360107421875 ms
index-d0f10e84.js:40 [Dataset] Reference: "it seemed like a good idea at the time"
index-d0f10e84.js:40 [Parakeet] Preprocessor: onnx, 138 frames × 128 mel bins, 7.6 ms
index-d0f10e84.js:40 [Perf] RTF: 11.48x (audio 1.37 s, time 0.12 s)
index-d0f10e84.js:40 (index)Value(index)ValuePreprocess'7.6 ms'Encode'83.1 ms'Decode'28.4 ms'Tokenize'0.0 ms'Total'119.4 ms'Object
index-d0f10e84.js:40 Transcribe-Sample: 119.7080078125 ms
index-d0f10e84.js:40 [Dataset] Reference: "as a matter of fact i had an pendleton avalon and i thought that i could buy an outside air unit for it and i found out afterwards that i couldn't so i had to get rid of my wood stove and buy a brand new wood stove"
index-d0f10e84.js:40 [Parakeet] Preprocessor: onnx, 1192 frames × 128 mel bins, 48.1 ms
index-d0f10e84.js:40 [Perf] RTF: 39.87x (audio 11.91 s, time 0.30 s)
index-d0f10e84.js:40 (index)Value(index)ValuePreprocess'48.1 ms'Encode'102.5 ms'Decode'147.0 ms'Tokenize'0.0 ms'Total'298.7 ms'Object
index-d0f10e84.js:40 Transcribe-Sample: 299.06103515625 ms
index-d0f10e84.js:40 [Dataset] Reference: "i work with a contractor who does energy audits and we walk around the thermal imaging camera"
index-d0f10e84.js:40 [Parakeet] Preprocessor: onnx, 785 frames × 128 mel bins, 31.4 ms
index-d0f10e84.js:40 [Perf] RTF: 37.97x (audio 7.84 s, time 0.21 s)
index-d0f10e84.js:40 (index)Value(index)ValuePreprocess'31.4 ms'Encode'96.9 ms'Decode'77.3 ms'Tokenize'0.0 ms'Total'206.5 ms'Object
index-d0f10e84.js:40 Transcribe-Sample: 206.80810546875 ms
index-d0f10e84.js:40 [Dataset] Reference: "i had a hydronic heating or baseboard heating"
index-d0f10e84.js:40 [Parakeet] Preprocessor: onnx, 220 frames × 128 mel bins, 7.6 ms
index-d0f10e84.js:40 [Perf] RTF: 16.44x (audio 2.19 s, time 0.13 s)
index-d0f10e84.js:40 (index)Value(index)ValuePreprocess'7.6 ms'Encode'80.7 ms'Decode'44.5 ms'Tokenize'0.0 ms'Total'133.2 ms'Object
index-d0f10e84.js:40 Transcribe-Sample: 133.528076171875 ms
index-d0f10e84.js:40 [Dataset] Reference: "if you build a house and someone says let's put tyvek on the outside and make sure that when we put the fiberglass in the wall make sure you put a thing of poly of that clear plastic on the inside that's death to a wall"
index-d0f10e84.js:40 [Parakeet] Preprocessor: onnx, 1194 frames × 128 mel bins, 47.3 ms
index-d0f10e84.js:40 [Perf] RTF: 39.06x (audio 11.93 s, time 0.31 s)
index-d0f10e84.js:40 (index)Value(index)ValuePreprocess'47.3 ms'Encode'100.8 ms'Decode'156.5 ms'Tokenize'0.0 ms'Total'305.4 ms'Object
index-d0f10e84.js:40 Transcribe-Sample: 305.8310546875 ms
index-d0f10e84.js:40 [Dataset] Reference: "if you're jumping around you can give off more but you're putting off as much as a hundred watt light bulb"
index-d0f10e84.js:40 [Parakeet] Preprocessor: onnx, 485 frames × 128 mel bins, 15.0 ms
index-d0f10e84.js:40 [Perf] RTF: 26.04x (audio 4.84 s, time 0.19 s)
index-d0f10e84.js:40 (index)Value(index)ValuePreprocess'15.0 ms'Encode'93.3 ms'Decode'77.0 ms'Tokenize'0.0 ms'Total'185.9 ms'Object
index-d0f10e84.js:40 Transcribe-Sample: 186.221923828125 ms
index-d0f10e84.js:40 [Dataset] Reference: "yeah well no i've built it out"
index-d0f10e84.js:40 [Parakeet] Preprocessor: onnx, 230 frames × 128 mel bins, 7.6 ms
index-d0f10e84.js:40 [Perf] RTF: 18.72x (audio 2.29 s, time 0.12 s)
index-d0f10e84.js:40 (index)Value(index)ValuePreprocess'7.6 ms'Encode'82.0 ms'Decode'32.4 ms'Tokenize'0.0 ms'Total'122.3 ms'Object
index-d0f10e84.js:40 Transcribe-Sample: 122.671142578125 ms
index-d0f10e84.js:40 [Dataset] Reference: "so a lot of people who've heard about passive house say it's really expensive"
index-d0f10e84.js:40 [Parakeet] Preprocessor: onnx, 469 frames × 128 mel bins, 14.6 ms
index-d0f10e84.js:40 [Perf] RTF: 29.10x (audio 4.68 s, time 0.16 s)
index-d0f10e84.js:40 (index)Value(index)ValuePreprocess'14.6 ms'Encode'90.2 ms'Decode'55.5 ms'Tokenize'0.0 ms'Total'160.8 ms'Object
index-d0f10e84.js:40 Transcribe-Sample: 161.183837890625 ms
index-d0f10e84.js:40 [Dataset] Reference: "now you can build a passive house with lots of foam either the blue boards that you see at lowe's or with polyiso or any of these foam products"
index-d0f10e84.js:40 [Parakeet] Preprocessor: onnx, 1189 frames × 128 mel bins, 47.7 ms
index-d0f10e84.js:40 [Perf] RTF: 45.85x (audio 11.88 s, time 0.26 s)
index-d0f10e84.js:40 (index)Value(index)ValuePreprocess'47.7 ms'Encode'96.3 ms'Decode'114.3 ms'Tokenize'0.0 ms'Total'259.1 ms'Object
index-d0f10e84.js:40 Transcribe-Sample: 259.44091796875 ms
index-d0f10e84.js:40 [Dataset] Reference: "so there's your four thousand five hundred what do you do here's the modified chainsaw so here's my wall coming up and here's my ceiling joist coming out and that's my roof joist my truss my it's actually gusset this is called a gusset"
index-d0f10e84.js:40 [Parakeet] Preprocessor: onnx, 1530 frames × 128 mel bins, 58.8 ms
index-d0f10e84.js:40 [Perf] RTF: 41.14x (audio 15.29 s, time 0.37 s)
index-d0f10e84.js:40 (index)Value(index)ValuePreprocess'58.8 ms'Encode'116.3 ms'Decode'195.5 ms'Tokenize'0.0 ms'Total'371.6 ms'Object
index-d0f10e84.js:40 Transcribe-Sample: 372.014892578125 ms
index-d0f10e84.js:40 [Dataset] Reference: "so i have six inches of that poly of that styrofoam outside i put two inches on the inside and i'm building the whole wall out to meet that"
index-d0f10e84.js:40 [Parakeet] Preprocessor: onnx, 778 frames × 128 mel bins, 31.8 ms
index-d0f10e84.js:40 [Perf] RTF: 31.90x (audio 7.78 s, time 0.24 s)
index-d0f10e84.js:40 (index)Value(index)ValuePreprocess'31.8 ms'Encode'101.3 ms'Decode'110.0 ms'Tokenize'0.0 ms'Total'243.8 ms'Object
index-d0f10e84.js:40 Transcribe-Sample: 244.43603515625 ms
